{"/home/lr/GymOS/src/controllers/analyticsController.js": {"path":"/home/lr/GymOS/src/controllers/analyticsController.js","statementMap":{"0":{"start":{"line":1,"column":16},"end":{"line":1,"column":44}},"1":{"start":{"line":2,"column":19},"end":{"line":2,"column":50}},"2":{"start":{"line":3,"column":19},"end":{"line":3,"column":50}},"3":{"start":{"line":4,"column":26},"end":{"line":4,"column":64}},"4":{"start":{"line":9,"column":26},"end":{"line":63,"column":1}},"5":{"start":{"line":10,"column":4},"end":{"line":62,"column":5}},"6":{"start":{"line":11,"column":22},"end":{"line":11,"column":34}},"7":{"start":{"line":13,"column":29},"end":{"line":13,"column":39}},"8":{"start":{"line":14,"column":8},"end":{"line":14,"column":42}},"9":{"start":{"line":16,"column":29},"end":{"line":16,"column":93}},"10":{"start":{"line":19,"column":30},"end":{"line":19,"column":52}},"11":{"start":{"line":20,"column":8},"end":{"line":20,"column":60}},"12":{"start":{"line":22,"column":24},"end":{"line":50,"column":10}},"13":{"start":{"line":52,"column":8},"end":{"line":58,"column":11}},"14":{"start":{"line":61,"column":8},"end":{"line":61,"column":80}},"15":{"start":{"line":68,"column":29},"end":{"line":117,"column":1}},"16":{"start":{"line":69,"column":4},"end":{"line":116,"column":5}},"17":{"start":{"line":70,"column":22},"end":{"line":70,"column":34}},"18":{"start":{"line":72,"column":29},"end":{"line":72,"column":39}},"19":{"start":{"line":73,"column":8},"end":{"line":73,"column":42}},"20":{"start":{"line":76,"column":30},"end":{"line":76,"column":52}},"21":{"start":{"line":77,"column":8},"end":{"line":77,"column":60}},"22":{"start":{"line":79,"column":24},"end":{"line":106,"column":10}},"23":{"start":{"line":108,"column":8},"end":{"line":112,"column":11}},"24":{"start":{"line":115,"column":8},"end":{"line":115,"column":80}},"25":{"start":{"line":122,"column":29},"end":{"line":147,"column":1}},"26":{"start":{"line":123,"column":4},"end":{"line":146,"column":5}},"27":{"start":{"line":124,"column":22},"end":{"line":124,"column":34}},"28":{"start":{"line":126,"column":24},"end":{"line":134,"column":10}},"29":{"start":{"line":137,"column":28},"end":{"line":140,"column":73}},"30":{"start":{"line":138,"column":12},"end":{"line":138,"column":39}},"31":{"start":{"line":139,"column":12},"end":{"line":139,"column":23}},"32":{"start":{"line":142,"column":8},"end":{"line":142,"column":30}},"33":{"start":{"line":145,"column":8},"end":{"line":145,"column":80}},"34":{"start":{"line":152,"column":26},"end":{"line":189,"column":1}},"35":{"start":{"line":153,"column":4},"end":{"line":188,"column":5}},"36":{"start":{"line":154,"column":22},"end":{"line":154,"column":34}},"37":{"start":{"line":156,"column":24},"end":{"line":174,"column":10}},"38":{"start":{"line":176,"column":26},"end":{"line":179,"column":53}},"39":{"start":{"line":177,"column":12},"end":{"line":177,"column":39}},"40":{"start":{"line":178,"column":12},"end":{"line":178,"column":23}},"41":{"start":{"line":181,"column":8},"end":{"line":184,"column":11}},"42":{"start":{"line":187,"column":8},"end":{"line":187,"column":80}},"43":{"start":{"line":191,"column":0},"end":{"line":196,"column":2}}},"fnMap":{"0":{"name":"(anonymous_0)","decl":{"start":{"line":9,"column":26},"end":{"line":9,"column":27}},"loc":{"start":{"line":9,"column":46},"end":{"line":63,"column":1}},"line":9},"1":{"name":"(anonymous_1)","decl":{"start":{"line":68,"column":29},"end":{"line":68,"column":30}},"loc":{"start":{"line":68,"column":49},"end":{"line":117,"column":1}},"line":68},"2":{"name":"(anonymous_2)","decl":{"start":{"line":122,"column":29},"end":{"line":122,"column":30}},"loc":{"start":{"line":122,"column":49},"end":{"line":147,"column":1}},"line":122},"3":{"name":"(anonymous_3)","decl":{"start":{"line":137,"column":43},"end":{"line":137,"column":44}},"loc":{"start":{"line":137,"column":58},"end":{"line":140,"column":9}},"line":137},"4":{"name":"(anonymous_4)","decl":{"start":{"line":152,"column":26},"end":{"line":152,"column":27}},"loc":{"start":{"line":152,"column":46},"end":{"line":189,"column":1}},"line":152},"5":{"name":"(anonymous_5)","decl":{"start":{"line":176,"column":53},"end":{"line":176,"column":54}},"loc":{"start":{"line":176,"column":68},"end":{"line":179,"column":9}},"line":176}},"branchMap":{"0":{"loc":{"start":{"line":53,"column":19},"end":{"line":53,"column":57}},"type":"binary-expr","locations":[{"start":{"line":53,"column":19},"end":{"line":53,"column":52}},{"start":{"line":53,"column":56},"end":{"line":53,"column":57}}],"line":53},"1":{"loc":{"start":{"line":54,"column":19},"end":{"line":54,"column":59}},"type":"binary-expr","locations":[{"start":{"line":54,"column":19},"end":{"line":54,"column":54}},{"start":{"line":54,"column":58},"end":{"line":54,"column":59}}],"line":54},"2":{"loc":{"start":{"line":55,"column":19},"end":{"line":55,"column":57}},"type":"binary-expr","locations":[{"start":{"line":55,"column":19},"end":{"line":55,"column":52}},{"start":{"line":55,"column":56},"end":{"line":55,"column":57}}],"line":55},"3":{"loc":{"start":{"line":56,"column":30},"end":{"line":56,"column":75}},"type":"binary-expr","locations":[{"start":{"line":56,"column":30},"end":{"line":56,"column":70}},{"start":{"line":56,"column":74},"end":{"line":56,"column":75}}],"line":56},"4":{"loc":{"start":{"line":109,"column":24},"end":{"line":109,"column":60}},"type":"binary-expr","locations":[{"start":{"line":109,"column":24},"end":{"line":109,"column":55}},{"start":{"line":109,"column":59},"end":{"line":109,"column":60}}],"line":109},"5":{"loc":{"start":{"line":110,"column":23},"end":{"line":110,"column":58}},"type":"binary-expr","locations":[{"start":{"line":110,"column":23},"end":{"line":110,"column":53}},{"start":{"line":110,"column":57},"end":{"line":110,"column":58}}],"line":110}},"s":{"0":6,"1":6,"2":6,"3":6,"4":6,"5":2,"6":2,"7":2,"8":2,"9":2,"10":2,"11":2,"12":2,"13":2,"14":0,"15":6,"16":2,"17":2,"18":2,"19":2,"20":2,"21":2,"22":2,"23":2,"24":0,"25":6,"26":3,"27":3,"28":3,"29":3,"30":5,"31":5,"32":3,"33":0,"34":6,"35":1,"36":1,"37":1,"38":1,"39":0,"40":0,"41":1,"42":0,"43":6},"f":{"0":2,"1":2,"2":3,"3":5,"4":1,"5":0},"b":{"0":[2,1],"1":[2,1],"2":[2,1],"3":[2,1],"4":[2,1],"5":[2,1]},"_coverageSchema":"1a1c01bbd47fc00a2c39e90264f33305004495a9","hash":"95b2ddecf20c7fdf31cb11be6d7ced5c78d81b5d"}
,"/home/lr/GymOS/src/controllers/attendanceController.js": {"path":"/home/lr/GymOS/src/controllers/attendanceController.js","statementMap":{"0":{"start":{"line":1,"column":19},"end":{"line":1,"column":50}},"1":{"start":{"line":2,"column":19},"end":{"line":2,"column":50}},"2":{"start":{"line":3,"column":21},"end":{"line":3,"column":53}},"3":{"start":{"line":8,"column":16},"end":{"line":45,"column":2}},"4":{"start":{"line":9,"column":23},"end":{"line":9,"column":31}},"5":{"start":{"line":11,"column":29},"end":{"line":14,"column":6}},"6":{"start":{"line":16,"column":4},"end":{"line":19,"column":5}},"7":{"start":{"line":17,"column":8},"end":{"line":17,"column":24}},"8":{"start":{"line":18,"column":8},"end":{"line":18,"column":69}},"9":{"start":{"line":21,"column":4},"end":{"line":24,"column":5}},"10":{"start":{"line":22,"column":8},"end":{"line":22,"column":24}},"11":{"start":{"line":23,"column":8},"end":{"line":23,"column":65}},"12":{"start":{"line":26,"column":29},"end":{"line":29,"column":6}},"13":{"start":{"line":31,"column":4},"end":{"line":34,"column":5}},"14":{"start":{"line":32,"column":8},"end":{"line":32,"column":24}},"15":{"start":{"line":33,"column":8},"end":{"line":33,"column":54}},"16":{"start":{"line":36,"column":23},"end":{"line":42,"column":6}},"17":{"start":{"line":44,"column":4},"end":{"line":44,"column":37}},"18":{"start":{"line":50,"column":17},"end":{"line":65,"column":2}},"19":{"start":{"line":51,"column":23},"end":{"line":54,"column":6}},"20":{"start":{"line":56,"column":4},"end":{"line":59,"column":5}},"21":{"start":{"line":57,"column":8},"end":{"line":57,"column":24}},"22":{"start":{"line":58,"column":8},"end":{"line":58,"column":60}},"23":{"start":{"line":61,"column":4},"end":{"line":61,"column":41}},"24":{"start":{"line":62,"column":4},"end":{"line":62,"column":28}},"25":{"start":{"line":64,"column":4},"end":{"line":64,"column":66}},"26":{"start":{"line":70,"column":28},"end":{"line":96,"column":2}},"27":{"start":{"line":71,"column":19},"end":{"line":71,"column":29}},"28":{"start":{"line":73,"column":4},"end":{"line":76,"column":5}},"29":{"start":{"line":74,"column":8},"end":{"line":74,"column":24}},"30":{"start":{"line":75,"column":8},"end":{"line":75,"column":74}},"31":{"start":{"line":78,"column":17},"end":{"line":78,"column":59}},"32":{"start":{"line":79,"column":18},"end":{"line":79,"column":77}},"33":{"start":{"line":80,"column":17},"end":{"line":80,"column":35}},"34":{"start":{"line":82,"column":29},"end":{"line":90,"column":6}},"35":{"start":{"line":92,"column":4},"end":{"line":95,"column":7}},"36":{"start":{"line":101,"column":27},"end":{"line":120,"column":2}},"37":{"start":{"line":102,"column":18},"end":{"line":102,"column":28}},"38":{"start":{"line":103,"column":4},"end":{"line":103,"column":31}},"39":{"start":{"line":105,"column":21},"end":{"line":105,"column":36}},"40":{"start":{"line":106,"column":4},"end":{"line":106,"column":45}},"41":{"start":{"line":108,"column":22},"end":{"line":117,"column":11}},"42":{"start":{"line":119,"column":4},"end":{"line":119,"column":24}},"43":{"start":{"line":122,"column":0},"end":{"line":127,"column":2}}},"fnMap":{"0":{"name":"(anonymous_0)","decl":{"start":{"line":8,"column":29},"end":{"line":8,"column":30}},"loc":{"start":{"line":8,"column":49},"end":{"line":45,"column":1}},"line":8},"1":{"name":"(anonymous_1)","decl":{"start":{"line":50,"column":30},"end":{"line":50,"column":31}},"loc":{"start":{"line":50,"column":50},"end":{"line":65,"column":1}},"line":50},"2":{"name":"(anonymous_2)","decl":{"start":{"line":70,"column":41},"end":{"line":70,"column":42}},"loc":{"start":{"line":70,"column":61},"end":{"line":96,"column":1}},"line":70},"3":{"name":"(anonymous_3)","decl":{"start":{"line":101,"column":40},"end":{"line":101,"column":41}},"loc":{"start":{"line":101,"column":60},"end":{"line":120,"column":1}},"line":101}},"branchMap":{"0":{"loc":{"start":{"line":16,"column":4},"end":{"line":19,"column":5}},"type":"if","locations":[{"start":{"line":16,"column":4},"end":{"line":19,"column":5}},{"start":{},"end":{}}],"line":16},"1":{"loc":{"start":{"line":21,"column":4},"end":{"line":24,"column":5}},"type":"if","locations":[{"start":{"line":21,"column":4},"end":{"line":24,"column":5}},{"start":{},"end":{}}],"line":21},"2":{"loc":{"start":{"line":31,"column":4},"end":{"line":34,"column":5}},"type":"if","locations":[{"start":{"line":31,"column":4},"end":{"line":34,"column":5}},{"start":{},"end":{}}],"line":31},"3":{"loc":{"start":{"line":41,"column":16},"end":{"line":41,"column":34}},"type":"binary-expr","locations":[{"start":{"line":41,"column":16},"end":{"line":41,"column":22}},{"start":{"line":41,"column":26},"end":{"line":41,"column":34}}],"line":41},"4":{"loc":{"start":{"line":56,"column":4},"end":{"line":59,"column":5}},"type":"if","locations":[{"start":{"line":56,"column":4},"end":{"line":59,"column":5}},{"start":{},"end":{}}],"line":56},"5":{"loc":{"start":{"line":73,"column":4},"end":{"line":76,"column":5}},"type":"if","locations":[{"start":{"line":73,"column":4},"end":{"line":76,"column":5}},{"start":{},"end":{}}],"line":73},"6":{"loc":{"start":{"line":73,"column":8},"end":{"line":73,"column":67}},"type":"binary-expr","locations":[{"start":{"line":73,"column":8},"end":{"line":73,"column":38}},{"start":{"line":73,"column":42},"end":{"line":73,"column":67}}],"line":73},"7":{"loc":{"start":{"line":78,"column":29},"end":{"line":78,"column":58}},"type":"binary-expr","locations":[{"start":{"line":78,"column":29},"end":{"line":78,"column":53}},{"start":{"line":78,"column":57},"end":{"line":78,"column":58}}],"line":78},"8":{"loc":{"start":{"line":79,"column":44},"end":{"line":79,"column":75}},"type":"binary-expr","locations":[{"start":{"line":79,"column":44},"end":{"line":79,"column":69}},{"start":{"line":79,"column":73},"end":{"line":79,"column":75}}],"line":79}},"s":{"0":6,"1":6,"2":6,"3":6,"4":5,"5":5,"6":5,"7":1,"8":1,"9":4,"10":0,"11":0,"12":4,"13":4,"14":1,"15":1,"16":3,"17":3,"18":6,"19":2,"20":2,"21":1,"22":1,"23":1,"24":1,"25":1,"26":6,"27":0,"28":0,"29":0,"30":0,"31":0,"32":0,"33":0,"34":0,"35":0,"36":6,"37":0,"38":0,"39":0,"40":0,"41":0,"42":0,"43":6},"f":{"0":5,"1":2,"2":0,"3":0},"b":{"0":[1,4],"1":[0,4],"2":[1,3],"3":[3,0],"4":[1,1],"5":[0,0],"6":[0,0],"7":[0,0],"8":[0,0]},"_coverageSchema":"1a1c01bbd47fc00a2c39e90264f33305004495a9","hash":"1ea6807de7d8af997bcf00ed8932972179f3c070"}
,"/home/lr/GymOS/src/controllers/authController.js": {"path":"/home/lr/GymOS/src/controllers/authController.js","statementMap":{"0":{"start":{"line":1,"column":17},"end":{"line":1,"column":36}},"1":{"start":{"line":2,"column":13},"end":{"line":2,"column":38}},"2":{"start":{"line":3,"column":22},"end":{"line":3,"column":55}},"3":{"start":{"line":4,"column":21},"end":{"line":4,"column":53}},"4":{"start":{"line":9,"column":21},"end":{"line":44,"column":2}},"5":{"start":{"line":10,"column":51},"end":{"line":10,"column":59}},"6":{"start":{"line":12,"column":4},"end":{"line":15,"column":5}},"7":{"start":{"line":13,"column":8},"end":{"line":13,"column":24}},"8":{"start":{"line":14,"column":8},"end":{"line":14,"column":74}},"9":{"start":{"line":17,"column":23},"end":{"line":17,"column":52}},"10":{"start":{"line":18,"column":4},"end":{"line":21,"column":5}},"11":{"start":{"line":19,"column":8},"end":{"line":19,"column":24}},"12":{"start":{"line":20,"column":8},"end":{"line":20,"column":47}},"13":{"start":{"line":23,"column":17},"end":{"line":29,"column":6}},"14":{"start":{"line":31,"column":4},"end":{"line":43,"column":5}},"15":{"start":{"line":32,"column":8},"end":{"line":39,"column":11}},"16":{"start":{"line":41,"column":8},"end":{"line":41,"column":24}},"17":{"start":{"line":42,"column":8},"end":{"line":42,"column":45}},"18":{"start":{"line":49,"column":23},"end":{"line":88,"column":2}},"19":{"start":{"line":50,"column":72},"end":{"line":50,"column":80}},"20":{"start":{"line":52,"column":16},"end":{"line":52,"column":40}},"21":{"start":{"line":54,"column":25},"end":{"line":54,"column":66}},"22":{"start":{"line":55,"column":4},"end":{"line":58,"column":5}},"23":{"start":{"line":56,"column":8},"end":{"line":56,"column":24}},"24":{"start":{"line":57,"column":8},"end":{"line":57,"column":54}},"25":{"start":{"line":61,"column":18},"end":{"line":67,"column":6}},"26":{"start":{"line":69,"column":16},"end":{"line":73,"column":6}},"27":{"start":{"line":76,"column":4},"end":{"line":76,"column":24}},"28":{"start":{"line":77,"column":4},"end":{"line":77,"column":23}},"29":{"start":{"line":79,"column":4},"end":{"line":87,"column":7}},"30":{"start":{"line":92,"column":18},"end":{"line":110,"column":2}},"31":{"start":{"line":93,"column":32},"end":{"line":93,"column":40}},"32":{"start":{"line":95,"column":17},"end":{"line":95,"column":46}},"33":{"start":{"line":97,"column":4},"end":{"line":109,"column":5}},"34":{"start":{"line":98,"column":8},"end":{"line":105,"column":11}},"35":{"start":{"line":107,"column":8},"end":{"line":107,"column":24}},"36":{"start":{"line":108,"column":8},"end":{"line":108,"column":53}},"37":{"start":{"line":115,"column":23},"end":{"line":130,"column":2}},"38":{"start":{"line":116,"column":17},"end":{"line":116,"column":57}},"39":{"start":{"line":118,"column":4},"end":{"line":129,"column":5}},"40":{"start":{"line":119,"column":8},"end":{"line":125,"column":11}},"41":{"start":{"line":127,"column":8},"end":{"line":127,"column":24}},"42":{"start":{"line":128,"column":8},"end":{"line":128,"column":42}},"43":{"start":{"line":135,"column":19},"end":{"line":138,"column":1}},"44":{"start":{"line":137,"column":4},"end":{"line":137,"column":47}},"45":{"start":{"line":140,"column":0},"end":{"line":146,"column":2}}},"fnMap":{"0":{"name":"(anonymous_0)","decl":{"start":{"line":9,"column":34},"end":{"line":9,"column":35}},"loc":{"start":{"line":9,"column":54},"end":{"line":44,"column":1}},"line":9},"1":{"name":"(anonymous_1)","decl":{"start":{"line":49,"column":36},"end":{"line":49,"column":37}},"loc":{"start":{"line":49,"column":56},"end":{"line":88,"column":1}},"line":49},"2":{"name":"(anonymous_2)","decl":{"start":{"line":92,"column":31},"end":{"line":92,"column":32}},"loc":{"start":{"line":92,"column":51},"end":{"line":110,"column":1}},"line":92},"3":{"name":"(anonymous_3)","decl":{"start":{"line":115,"column":36},"end":{"line":115,"column":37}},"loc":{"start":{"line":115,"column":56},"end":{"line":130,"column":1}},"line":115},"4":{"name":"(anonymous_4)","decl":{"start":{"line":135,"column":19},"end":{"line":135,"column":20}},"loc":{"start":{"line":135,"column":33},"end":{"line":138,"column":1}},"line":135}},"branchMap":{"0":{"loc":{"start":{"line":12,"column":4},"end":{"line":15,"column":5}},"type":"if","locations":[{"start":{"line":12,"column":4},"end":{"line":15,"column":5}},{"start":{},"end":{}}],"line":12},"1":{"loc":{"start":{"line":18,"column":4},"end":{"line":21,"column":5}},"type":"if","locations":[{"start":{"line":18,"column":4},"end":{"line":21,"column":5}},{"start":{},"end":{}}],"line":18},"2":{"loc":{"start":{"line":31,"column":4},"end":{"line":43,"column":5}},"type":"if","locations":[{"start":{"line":31,"column":4},"end":{"line":43,"column":5}},{"start":{"line":40,"column":11},"end":{"line":43,"column":5}}],"line":31},"3":{"loc":{"start":{"line":55,"column":4},"end":{"line":58,"column":5}},"type":"if","locations":[{"start":{"line":55,"column":4},"end":{"line":58,"column":5}},{"start":{},"end":{}}],"line":55},"4":{"loc":{"start":{"line":97,"column":4},"end":{"line":109,"column":5}},"type":"if","locations":[{"start":{"line":97,"column":4},"end":{"line":109,"column":5}},{"start":{"line":106,"column":11},"end":{"line":109,"column":5}}],"line":97},"5":{"loc":{"start":{"line":97,"column":8},"end":{"line":97,"column":52}},"type":"binary-expr","locations":[{"start":{"line":97,"column":8},"end":{"line":97,"column":12}},{"start":{"line":97,"column":17},"end":{"line":97,"column":51}}],"line":97},"6":{"loc":{"start":{"line":118,"column":4},"end":{"line":129,"column":5}},"type":"if","locations":[{"start":{"line":118,"column":4},"end":{"line":129,"column":5}},{"start":{"line":126,"column":11},"end":{"line":129,"column":5}}],"line":118}},"s":{"0":6,"1":6,"2":6,"3":6,"4":6,"5":2,"6":2,"7":0,"8":0,"9":2,"10":2,"11":1,"12":1,"13":1,"14":1,"15":1,"16":0,"17":0,"18":6,"19":0,"20":0,"21":0,"22":0,"23":0,"24":0,"25":0,"26":0,"27":0,"28":0,"29":0,"30":6,"31":3,"32":3,"33":3,"34":1,"35":2,"36":2,"37":6,"38":1,"39":1,"40":1,"41":0,"42":0,"43":6,"44":0,"45":6},"f":{"0":2,"1":0,"2":3,"3":1,"4":0},"b":{"0":[0,2],"1":[1,1],"2":[1,0],"3":[0,0],"4":[1,2],"5":[3,2],"6":[1,0]},"_coverageSchema":"1a1c01bbd47fc00a2c39e90264f33305004495a9","hash":"91c1fa1c03bf95ef852ba50b07a59d2bd39a7b14"}
,"/home/lr/GymOS/src/controllers/biometricController.js": {"path":"/home/lr/GymOS/src/controllers/biometricController.js","statementMap":{"0":{"start":{"line":1,"column":18},"end":{"line":1,"column":48}},"1":{"start":{"line":2,"column":20},"end":{"line":2,"column":52}},"2":{"start":{"line":3,"column":21},"end":{"line":3,"column":53}},"3":{"start":{"line":8,"column":19},"end":{"line":51,"column":2}},"4":{"start":{"line":9,"column":80},"end":{"line":9,"column":88}},"5":{"start":{"line":11,"column":4},"end":{"line":50,"column":5}},"6":{"start":{"line":12,"column":24},"end":{"line":12,"column":28}},"7":{"start":{"line":13,"column":26},"end":{"line":13,"column":30}},"8":{"start":{"line":16,"column":8},"end":{"line":24,"column":9}},"9":{"start":{"line":17,"column":12},"end":{"line":23,"column":15}},"10":{"start":{"line":27,"column":8},"end":{"line":36,"column":9}},"11":{"start":{"line":28,"column":12},"end":{"line":35,"column":15}},"12":{"start":{"line":38,"column":8},"end":{"line":40,"column":9}},"13":{"start":{"line":39,"column":12},"end":{"line":39,"column":87}},"14":{"start":{"line":42,"column":8},"end":{"line":46,"column":11}},"15":{"start":{"line":48,"column":8},"end":{"line":48,"column":24}},"16":{"start":{"line":49,"column":8},"end":{"line":49,"column":50}},"17":{"start":{"line":56,"column":19},"end":{"line":69,"column":2}},"18":{"start":{"line":57,"column":23},"end":{"line":59,"column":15}},"19":{"start":{"line":61,"column":31},"end":{"line":63,"column":15}},"20":{"start":{"line":65,"column":4},"end":{"line":68,"column":7}},"21":{"start":{"line":71,"column":0},"end":{"line":74,"column":2}}},"fnMap":{"0":{"name":"(anonymous_0)","decl":{"start":{"line":8,"column":32},"end":{"line":8,"column":33}},"loc":{"start":{"line":8,"column":52},"end":{"line":51,"column":1}},"line":8},"1":{"name":"(anonymous_1)","decl":{"start":{"line":56,"column":32},"end":{"line":56,"column":33}},"loc":{"start":{"line":56,"column":52},"end":{"line":69,"column":1}},"line":56}},"branchMap":{"0":{"loc":{"start":{"line":16,"column":8},"end":{"line":24,"column":9}},"type":"if","locations":[{"start":{"line":16,"column":8},"end":{"line":24,"column":9}},{"start":{},"end":{}}],"line":16},"1":{"loc":{"start":{"line":16,"column":12},"end":{"line":16,"column":43}},"type":"binary-expr","locations":[{"start":{"line":16,"column":12},"end":{"line":16,"column":18}},{"start":{"line":16,"column":22},"end":{"line":16,"column":29}},{"start":{"line":16,"column":33},"end":{"line":16,"column":43}}],"line":16},"2":{"loc":{"start":{"line":27,"column":8},"end":{"line":36,"column":9}},"type":"if","locations":[{"start":{"line":27,"column":8},"end":{"line":36,"column":9}},{"start":{},"end":{}}],"line":27},"3":{"loc":{"start":{"line":27,"column":12},"end":{"line":27,"column":54}},"type":"binary-expr","locations":[{"start":{"line":27,"column":12},"end":{"line":27,"column":17}},{"start":{"line":27,"column":21},"end":{"line":27,"column":26}},{"start":{"line":27,"column":30},"end":{"line":27,"column":34}},{"start":{"line":27,"column":38},"end":{"line":27,"column":44}},{"start":{"line":27,"column":48},"end":{"line":27,"column":54}}],"line":27},"4":{"loc":{"start":{"line":38,"column":8},"end":{"line":40,"column":9}},"type":"if","locations":[{"start":{"line":38,"column":8},"end":{"line":40,"column":9}},{"start":{},"end":{}}],"line":38},"5":{"loc":{"start":{"line":38,"column":12},"end":{"line":38,"column":38}},"type":"binary-expr","locations":[{"start":{"line":38,"column":12},"end":{"line":38,"column":22}},{"start":{"line":38,"column":26},"end":{"line":38,"column":38}}],"line":38}},"s":{"0":6,"1":6,"2":6,"3":6,"4":0,"5":0,"6":0,"7":0,"8":0,"9":0,"10":0,"11":0,"12":0,"13":0,"14":0,"15":0,"16":0,"17":6,"18":0,"19":0,"20":0,"21":6},"f":{"0":0,"1":0},"b":{"0":[0,0],"1":[0,0,0],"2":[0,0],"3":[0,0,0,0,0],"4":[0,0],"5":[0,0]},"_coverageSchema":"1a1c01bbd47fc00a2c39e90264f33305004495a9","hash":"382e62d49988aee98a0f2ef23eebbdeaaaa26eb1"}
,"/home/lr/GymOS/src/controllers/membershipController.js": {"path":"/home/lr/GymOS/src/controllers/membershipController.js","statementMap":{"0":{"start":{"line":1,"column":19},"end":{"line":1,"column":50}},"1":{"start":{"line":2,"column":23},"end":{"line":2,"column":58}},"2":{"start":{"line":3,"column":13},"end":{"line":3,"column":38}},"3":{"start":{"line":4,"column":37},"end":{"line":4,"column":77}},"4":{"start":{"line":5,"column":22},"end":{"line":5,"column":57}},"5":{"start":{"line":6,"column":19},"end":{"line":6,"column":61}},"6":{"start":{"line":10,"column":17},"end":{"line":18,"column":1}},"7":{"start":{"line":11,"column":4},"end":{"line":17,"column":5}},"8":{"start":{"line":12,"column":22},"end":{"line":12,"column":59}},"9":{"start":{"line":13,"column":22},"end":{"line":13,"column":54}},"10":{"start":{"line":14,"column":8},"end":{"line":14,"column":24}},"11":{"start":{"line":16,"column":8},"end":{"line":16,"column":80}},"12":{"start":{"line":20,"column":19},"end":{"line":29,"column":1}},"13":{"start":{"line":21,"column":55},"end":{"line":21,"column":63}},"14":{"start":{"line":22,"column":4},"end":{"line":28,"column":5}},"15":{"start":{"line":23,"column":21},"end":{"line":23,"column":136}},"16":{"start":{"line":24,"column":8},"end":{"line":24,"column":163}},"17":{"start":{"line":25,"column":8},"end":{"line":25,"column":35}},"18":{"start":{"line":27,"column":8},"end":{"line":27,"column":80}},"19":{"start":{"line":31,"column":19},"end":{"line":40,"column":1}},"20":{"start":{"line":32,"column":4},"end":{"line":39,"column":5}},"21":{"start":{"line":33,"column":21},"end":{"line":33,"column":99}},"22":{"start":{"line":34,"column":8},"end":{"line":34,"column":78}},"23":{"start":{"line":34,"column":19},"end":{"line":34,"column":78}},"24":{"start":{"line":35,"column":8},"end":{"line":35,"column":156}},"25":{"start":{"line":36,"column":8},"end":{"line":36,"column":23}},"26":{"start":{"line":38,"column":8},"end":{"line":38,"column":80}},"27":{"start":{"line":42,"column":19},"end":{"line":50,"column":1}},"28":{"start":{"line":43,"column":4},"end":{"line":49,"column":5}},"29":{"start":{"line":44,"column":21},"end":{"line":44,"column":74}},"30":{"start":{"line":45,"column":8},"end":{"line":45,"column":78}},"31":{"start":{"line":45,"column":19},"end":{"line":45,"column":78}},"32":{"start":{"line":46,"column":8},"end":{"line":46,"column":59}},"33":{"start":{"line":48,"column":8},"end":{"line":48,"column":80}},"34":{"start":{"line":57,"column":27},"end":{"line":90,"column":1}},"35":{"start":{"line":58,"column":33},"end":{"line":58,"column":41}},"36":{"start":{"line":59,"column":4},"end":{"line":89,"column":5}},"37":{"start":{"line":60,"column":21},"end":{"line":60,"column":50}},"38":{"start":{"line":61,"column":8},"end":{"line":61,"column":80}},"39":{"start":{"line":61,"column":19},"end":{"line":61,"column":80}},"40":{"start":{"line":64,"column":8},"end":{"line":67,"column":10}},"41":{"start":{"line":69,"column":37},"end":{"line":69,"column":113}},"42":{"start":{"line":71,"column":8},"end":{"line":78,"column":11}},"43":{"start":{"line":80,"column":8},"end":{"line":84,"column":11}},"44":{"start":{"line":86,"column":8},"end":{"line":86,"column":41}},"45":{"start":{"line":88,"column":8},"end":{"line":88,"column":80}},"46":{"start":{"line":92,"column":28},"end":{"line":103,"column":1}},"47":{"start":{"line":93,"column":25},"end":{"line":93,"column":35}},"48":{"start":{"line":94,"column":4},"end":{"line":102,"column":5}},"49":{"start":{"line":95,"column":8},"end":{"line":97,"column":9}},"50":{"start":{"line":96,"column":12},"end":{"line":96,"column":95}},"51":{"start":{"line":98,"column":28},"end":{"line":98,"column":112}},"52":{"start":{"line":99,"column":8},"end":{"line":99,"column":30}},"53":{"start":{"line":101,"column":8},"end":{"line":101,"column":80}},"54":{"start":{"line":105,"column":26},"end":{"line":125,"column":1}},"55":{"start":{"line":106,"column":4},"end":{"line":124,"column":5}},"56":{"start":{"line":107,"column":21},"end":{"line":107,"column":63}},"57":{"start":{"line":108,"column":22},"end":{"line":108,"column":81}},"58":{"start":{"line":109,"column":21},"end":{"line":109,"column":39}},"59":{"start":{"line":111,"column":22},"end":{"line":111,"column":43}},"60":{"start":{"line":113,"column":37},"end":{"line":116,"column":10}},"61":{"start":{"line":118,"column":8},"end":{"line":121,"column":11}},"62":{"start":{"line":123,"column":8},"end":{"line":123,"column":80}},"63":{"start":{"line":127,"column":25},"end":{"line":142,"column":1}},"64":{"start":{"line":128,"column":4},"end":{"line":141,"column":5}},"65":{"start":{"line":129,"column":27},"end":{"line":129,"column":67}},"66":{"start":{"line":130,"column":8},"end":{"line":130,"column":90}},"67":{"start":{"line":130,"column":25},"end":{"line":130,"column":90}},"68":{"start":{"line":131,"column":8},"end":{"line":131,"column":123}},"69":{"start":{"line":131,"column":47},"end":{"line":131,"column":123}},"70":{"start":{"line":133,"column":8},"end":{"line":133,"column":40}},"71":{"start":{"line":134,"column":8},"end":{"line":134,"column":32}},"72":{"start":{"line":136,"column":8},"end":{"line":136,"column":148}},"73":{"start":{"line":138,"column":8},"end":{"line":138,"column":79}},"74":{"start":{"line":140,"column":8},"end":{"line":140,"column":80}},"75":{"start":{"line":144,"column":0},"end":{"line":150,"column":2}}},"fnMap":{"0":{"name":"(anonymous_0)","decl":{"start":{"line":10,"column":17},"end":{"line":10,"column":18}},"loc":{"start":{"line":10,"column":37},"end":{"line":18,"column":1}},"line":10},"1":{"name":"(anonymous_1)","decl":{"start":{"line":20,"column":19},"end":{"line":20,"column":20}},"loc":{"start":{"line":20,"column":39},"end":{"line":29,"column":1}},"line":20},"2":{"name":"(anonymous_2)","decl":{"start":{"line":31,"column":19},"end":{"line":31,"column":20}},"loc":{"start":{"line":31,"column":39},"end":{"line":40,"column":1}},"line":31},"3":{"name":"(anonymous_3)","decl":{"start":{"line":42,"column":19},"end":{"line":42,"column":20}},"loc":{"start":{"line":42,"column":39},"end":{"line":50,"column":1}},"line":42},"4":{"name":"(anonymous_4)","decl":{"start":{"line":57,"column":27},"end":{"line":57,"column":28}},"loc":{"start":{"line":57,"column":47},"end":{"line":90,"column":1}},"line":57},"5":{"name":"(anonymous_5)","decl":{"start":{"line":92,"column":28},"end":{"line":92,"column":29}},"loc":{"start":{"line":92,"column":48},"end":{"line":103,"column":1}},"line":92},"6":{"name":"(anonymous_6)","decl":{"start":{"line":105,"column":26},"end":{"line":105,"column":27}},"loc":{"start":{"line":105,"column":46},"end":{"line":125,"column":1}},"line":105},"7":{"name":"(anonymous_7)","decl":{"start":{"line":127,"column":25},"end":{"line":127,"column":26}},"loc":{"start":{"line":127,"column":45},"end":{"line":142,"column":1}},"line":127}},"branchMap":{"0":{"loc":{"start":{"line":12,"column":22},"end":{"line":12,"column":59}},"type":"cond-expr","locations":[{"start":{"line":12,"column":33},"end":{"line":12,"column":54}},{"start":{"line":12,"column":57},"end":{"line":12,"column":59}}],"line":12},"1":{"loc":{"start":{"line":34,"column":8},"end":{"line":34,"column":78}},"type":"if","locations":[{"start":{"line":34,"column":8},"end":{"line":34,"column":78}},{"start":{},"end":{}}],"line":34},"2":{"loc":{"start":{"line":45,"column":8},"end":{"line":45,"column":78}},"type":"if","locations":[{"start":{"line":45,"column":8},"end":{"line":45,"column":78}},{"start":{},"end":{}}],"line":45},"3":{"loc":{"start":{"line":61,"column":8},"end":{"line":61,"column":80}},"type":"if","locations":[{"start":{"line":61,"column":8},"end":{"line":61,"column":80}},{"start":{},"end":{}}],"line":61},"4":{"loc":{"start":{"line":95,"column":8},"end":{"line":97,"column":9}},"type":"if","locations":[{"start":{"line":95,"column":8},"end":{"line":97,"column":9}},{"start":{},"end":{}}],"line":95},"5":{"loc":{"start":{"line":95,"column":12},"end":{"line":95,"column":77}},"type":"binary-expr","locations":[{"start":{"line":95,"column":12},"end":{"line":95,"column":48}},{"start":{"line":95,"column":52},"end":{"line":95,"column":77}}],"line":95},"6":{"loc":{"start":{"line":107,"column":33},"end":{"line":107,"column":62}},"type":"binary-expr","locations":[{"start":{"line":107,"column":33},"end":{"line":107,"column":57}},{"start":{"line":107,"column":61},"end":{"line":107,"column":62}}],"line":107},"7":{"loc":{"start":{"line":108,"column":48},"end":{"line":108,"column":79}},"type":"binary-expr","locations":[{"start":{"line":108,"column":48},"end":{"line":108,"column":73}},{"start":{"line":108,"column":77},"end":{"line":108,"column":79}}],"line":108},"8":{"loc":{"start":{"line":130,"column":8},"end":{"line":130,"column":90}},"type":"if","locations":[{"start":{"line":130,"column":8},"end":{"line":130,"column":90}},{"start":{},"end":{}}],"line":130},"9":{"loc":{"start":{"line":131,"column":8},"end":{"line":131,"column":123}},"type":"if","locations":[{"start":{"line":131,"column":8},"end":{"line":131,"column":123}},{"start":{},"end":{}}],"line":131}},"s":{"0":6,"1":6,"2":6,"3":6,"4":6,"5":6,"6":6,"7":1,"8":1,"9":1,"10":1,"11":0,"12":6,"13":2,"14":2,"15":2,"16":2,"17":2,"18":0,"19":6,"20":0,"21":0,"22":0,"23":0,"24":0,"25":0,"26":0,"27":6,"28":0,"29":0,"30":0,"31":0,"32":0,"33":0,"34":6,"35":2,"36":2,"37":2,"38":2,"39":0,"40":2,"41":2,"42":2,"43":2,"44":2,"45":0,"46":6,"47":3,"48":3,"49":3,"50":1,"51":2,"52":2,"53":0,"54":6,"55":1,"56":1,"57":1,"58":1,"59":1,"60":1,"61":1,"62":0,"63":6,"64":3,"65":3,"66":3,"67":1,"68":2,"69":1,"70":1,"71":1,"72":1,"73":1,"74":0,"75":6},"f":{"0":1,"1":2,"2":0,"3":0,"4":2,"5":3,"6":1,"7":3},"b":{"0":[0,1],"1":[0,0],"2":[0,0],"3":[0,2],"4":[1,2],"5":[3,2],"6":[1,0],"7":[1,0],"8":[1,2],"9":[1,1]},"_coverageSchema":"1a1c01bbd47fc00a2c39e90264f33305004495a9","hash":"7f1e28f32719141714892d077d6c8c8a8e295e5e"}
,"/home/lr/GymOS/src/controllers/notificationController.js": {"path":"/home/lr/GymOS/src/controllers/notificationController.js","statementMap":{"0":{"start":{"line":1,"column":21},"end":{"line":1,"column":54}},"1":{"start":{"line":2,"column":21},"end":{"line":2,"column":53}},"2":{"start":{"line":7,"column":27},"end":{"line":24,"column":2}},"3":{"start":{"line":8,"column":17},"end":{"line":8,"column":59}},"4":{"start":{"line":9,"column":18},"end":{"line":9,"column":77}},"5":{"start":{"line":10,"column":17},"end":{"line":10,"column":35}},"6":{"start":{"line":12,"column":19},"end":{"line":12,"column":43}},"7":{"start":{"line":13,"column":4},"end":{"line":13,"column":57}},"8":{"start":{"line":13,"column":37},"end":{"line":13,"column":57}},"9":{"start":{"line":15,"column":35},"end":{"line":18,"column":6}},"10":{"start":{"line":20,"column":4},"end":{"line":23,"column":7}},"11":{"start":{"line":29,"column":19},"end":{"line":41,"column":2}},"12":{"start":{"line":30,"column":25},"end":{"line":30,"column":97}},"13":{"start":{"line":32,"column":4},"end":{"line":35,"column":5}},"14":{"start":{"line":33,"column":8},"end":{"line":33,"column":24}},"15":{"start":{"line":34,"column":8},"end":{"line":34,"column":50}},"16":{"start":{"line":37,"column":4},"end":{"line":37,"column":29}},"17":{"start":{"line":38,"column":4},"end":{"line":38,"column":30}},"18":{"start":{"line":40,"column":4},"end":{"line":40,"column":71}},"19":{"start":{"line":46,"column":22},"end":{"line":49,"column":2}},"20":{"start":{"line":47,"column":4},"end":{"line":47,"column":99}},"21":{"start":{"line":48,"column":4},"end":{"line":48,"column":62}},"22":{"start":{"line":51,"column":0},"end":{"line":51,"column":67}}},"fnMap":{"0":{"name":"(anonymous_0)","decl":{"start":{"line":7,"column":40},"end":{"line":7,"column":41}},"loc":{"start":{"line":7,"column":60},"end":{"line":24,"column":1}},"line":7},"1":{"name":"(anonymous_1)","decl":{"start":{"line":29,"column":32},"end":{"line":29,"column":33}},"loc":{"start":{"line":29,"column":52},"end":{"line":41,"column":1}},"line":29},"2":{"name":"(anonymous_2)","decl":{"start":{"line":46,"column":35},"end":{"line":46,"column":36}},"loc":{"start":{"line":46,"column":55},"end":{"line":49,"column":1}},"line":46}},"branchMap":{"0":{"loc":{"start":{"line":8,"column":29},"end":{"line":8,"column":58}},"type":"binary-expr","locations":[{"start":{"line":8,"column":29},"end":{"line":8,"column":53}},{"start":{"line":8,"column":57},"end":{"line":8,"column":58}}],"line":8},"1":{"loc":{"start":{"line":9,"column":44},"end":{"line":9,"column":75}},"type":"binary-expr","locations":[{"start":{"line":9,"column":44},"end":{"line":9,"column":69}},{"start":{"line":9,"column":73},"end":{"line":9,"column":75}}],"line":9},"2":{"loc":{"start":{"line":13,"column":4},"end":{"line":13,"column":57}},"type":"if","locations":[{"start":{"line":13,"column":4},"end":{"line":13,"column":57}},{"start":{},"end":{}}],"line":13},"3":{"loc":{"start":{"line":32,"column":4},"end":{"line":35,"column":5}},"type":"if","locations":[{"start":{"line":32,"column":4},"end":{"line":35,"column":5}},{"start":{},"end":{}}],"line":32}},"s":{"0":6,"1":6,"2":6,"3":2,"4":2,"5":2,"6":2,"7":2,"8":1,"9":2,"10":2,"11":6,"12":2,"13":2,"14":1,"15":1,"16":1,"17":1,"18":1,"19":6,"20":1,"21":1,"22":6},"f":{"0":2,"1":2,"2":1},"b":{"0":[2,1],"1":[2,1],"2":[1,1],"3":[1,1]},"_coverageSchema":"1a1c01bbd47fc00a2c39e90264f33305004495a9","hash":"d417fb97a31662c087324d7a8798a7092de16324"}
,"/home/lr/GymOS/src/controllers/paymentController.js": {"path":"/home/lr/GymOS/src/controllers/paymentController.js","statementMap":{"0":{"start":{"line":1,"column":16},"end":{"line":1,"column":44}},"1":{"start":{"line":2,"column":19},"end":{"line":2,"column":50}},"2":{"start":{"line":3,"column":23},"end":{"line":3,"column":58}},"3":{"start":{"line":4,"column":39},"end":{"line":4,"column":76}},"4":{"start":{"line":5,"column":22},"end":{"line":5,"column":57}},"5":{"start":{"line":10,"column":22},"end":{"line":28,"column":1}},"6":{"start":{"line":11,"column":59},"end":{"line":11,"column":67}},"7":{"start":{"line":13,"column":4},"end":{"line":27,"column":5}},"8":{"start":{"line":14,"column":24},"end":{"line":22,"column":9}},"9":{"start":{"line":24,"column":8},"end":{"line":24,"column":38}},"10":{"start":{"line":26,"column":8},"end":{"line":26,"column":80}},"11":{"start":{"line":33,"column":26},"end":{"line":50,"column":1}},"12":{"start":{"line":34,"column":19},"end":{"line":34,"column":29}},"13":{"start":{"line":36,"column":4},"end":{"line":49,"column":5}},"14":{"start":{"line":37,"column":8},"end":{"line":39,"column":9}},"15":{"start":{"line":38,"column":12},"end":{"line":38,"column":94}},"16":{"start":{"line":41,"column":25},"end":{"line":44,"column":19}},"17":{"start":{"line":46,"column":8},"end":{"line":46,"column":27}},"18":{"start":{"line":48,"column":8},"end":{"line":48,"column":80}},"19":{"start":{"line":55,"column":23},"end":{"line":79,"column":1}},"20":{"start":{"line":56,"column":4},"end":{"line":78,"column":5}},"21":{"start":{"line":57,"column":21},"end":{"line":57,"column":63}},"22":{"start":{"line":58,"column":22},"end":{"line":58,"column":81}},"23":{"start":{"line":59,"column":21},"end":{"line":59,"column":39}},"24":{"start":{"line":61,"column":34},"end":{"line":70,"column":10}},"25":{"start":{"line":72,"column":8},"end":{"line":75,"column":11}},"26":{"start":{"line":77,"column":8},"end":{"line":77,"column":80}},"27":{"start":{"line":84,"column":22},"end":{"line":112,"column":1}},"28":{"start":{"line":85,"column":4},"end":{"line":111,"column":5}},"29":{"start":{"line":86,"column":24},"end":{"line":86,"column":61}},"30":{"start":{"line":88,"column":8},"end":{"line":90,"column":9}},"31":{"start":{"line":89,"column":12},"end":{"line":89,"column":74}},"32":{"start":{"line":92,"column":8},"end":{"line":94,"column":9}},"33":{"start":{"line":93,"column":12},"end":{"line":93,"column":81}},"34":{"start":{"line":96,"column":8},"end":{"line":96,"column":36}},"35":{"start":{"line":97,"column":8},"end":{"line":97,"column":29}},"36":{"start":{"line":99,"column":8},"end":{"line":106,"column":11}},"37":{"start":{"line":108,"column":8},"end":{"line":108,"column":77}},"38":{"start":{"line":110,"column":8},"end":{"line":110,"column":80}},"39":{"start":{"line":114,"column":0},"end":{"line":119,"column":2}}},"fnMap":{"0":{"name":"(anonymous_0)","decl":{"start":{"line":10,"column":22},"end":{"line":10,"column":23}},"loc":{"start":{"line":10,"column":42},"end":{"line":28,"column":1}},"line":10},"1":{"name":"(anonymous_1)","decl":{"start":{"line":33,"column":26},"end":{"line":33,"column":27}},"loc":{"start":{"line":33,"column":46},"end":{"line":50,"column":1}},"line":33},"2":{"name":"(anonymous_2)","decl":{"start":{"line":55,"column":23},"end":{"line":55,"column":24}},"loc":{"start":{"line":55,"column":43},"end":{"line":79,"column":1}},"line":55},"3":{"name":"(anonymous_3)","decl":{"start":{"line":84,"column":22},"end":{"line":84,"column":23}},"loc":{"start":{"line":84,"column":42},"end":{"line":112,"column":1}},"line":84}},"branchMap":{"0":{"loc":{"start":{"line":37,"column":8},"end":{"line":39,"column":9}},"type":"if","locations":[{"start":{"line":37,"column":8},"end":{"line":39,"column":9}},{"start":{},"end":{}}],"line":37},"1":{"loc":{"start":{"line":37,"column":12},"end":{"line":37,"column":71}},"type":"binary-expr","locations":[{"start":{"line":37,"column":12},"end":{"line":37,"column":42}},{"start":{"line":37,"column":46},"end":{"line":37,"column":71}}],"line":37},"2":{"loc":{"start":{"line":57,"column":33},"end":{"line":57,"column":62}},"type":"binary-expr","locations":[{"start":{"line":57,"column":33},"end":{"line":57,"column":57}},{"start":{"line":57,"column":61},"end":{"line":57,"column":62}}],"line":57},"3":{"loc":{"start":{"line":58,"column":48},"end":{"line":58,"column":79}},"type":"binary-expr","locations":[{"start":{"line":58,"column":48},"end":{"line":58,"column":73}},{"start":{"line":58,"column":77},"end":{"line":58,"column":79}}],"line":58},"4":{"loc":{"start":{"line":88,"column":8},"end":{"line":90,"column":9}},"type":"if","locations":[{"start":{"line":88,"column":8},"end":{"line":90,"column":9}},{"start":{},"end":{}}],"line":88},"5":{"loc":{"start":{"line":92,"column":8},"end":{"line":94,"column":9}},"type":"if","locations":[{"start":{"line":92,"column":8},"end":{"line":94,"column":9}},{"start":{},"end":{}}],"line":92}},"s":{"0":6,"1":6,"2":6,"3":6,"4":6,"5":6,"6":2,"7":2,"8":2,"9":2,"10":0,"11":6,"12":0,"13":0,"14":0,"15":0,"16":0,"17":0,"18":0,"19":6,"20":1,"21":1,"22":1,"23":1,"24":1,"25":1,"26":0,"27":6,"28":2,"29":2,"30":2,"31":0,"32":2,"33":1,"34":1,"35":1,"36":1,"37":1,"38":0,"39":6},"f":{"0":2,"1":0,"2":1,"3":2},"b":{"0":[0,0],"1":[0,0],"2":[1,0],"3":[1,0],"4":[0,2],"5":[1,1]},"_coverageSchema":"1a1c01bbd47fc00a2c39e90264f33305004495a9","hash":"0493e35a661ca3b402c567c517af5b286540b1ab"}
,"/home/lr/GymOS/src/controllers/programController.js": {"path":"/home/lr/GymOS/src/controllers/programController.js","statementMap":{"0":{"start":{"line":1,"column":23},"end":{"line":1,"column":58}},"1":{"start":{"line":2,"column":26},"end":{"line":2,"column":64}},"2":{"start":{"line":3,"column":13},"end":{"line":3,"column":38}},"3":{"start":{"line":8,"column":22},"end":{"line":25,"column":1}},"4":{"start":{"line":9,"column":4},"end":{"line":24,"column":5}},"5":{"start":{"line":10,"column":63},"end":{"line":10,"column":71}},"6":{"start":{"line":12,"column":24},"end":{"line":19,"column":10}},"7":{"start":{"line":21,"column":8},"end":{"line":21,"column":38}},"8":{"start":{"line":23,"column":8},"end":{"line":23,"column":80}},"9":{"start":{"line":30,"column":20},"end":{"line":39,"column":1}},"10":{"start":{"line":31,"column":4},"end":{"line":38,"column":5}},"11":{"start":{"line":32,"column":25},"end":{"line":34,"column":40}},"12":{"start":{"line":35,"column":8},"end":{"line":35,"column":27}},"13":{"start":{"line":37,"column":8},"end":{"line":37,"column":80}},"14":{"start":{"line":44,"column":22},"end":{"line":71,"column":1}},"15":{"start":{"line":45,"column":4},"end":{"line":70,"column":5}},"16":{"start":{"line":46,"column":40},"end":{"line":46,"column":48}},"17":{"start":{"line":48,"column":24},"end":{"line":48,"column":91}},"18":{"start":{"line":49,"column":8},"end":{"line":49,"column":84}},"19":{"start":{"line":49,"column":22},"end":{"line":49,"column":84}},"20":{"start":{"line":51,"column":23},"end":{"line":51,"column":79}},"21":{"start":{"line":52,"column":8},"end":{"line":52,"column":82}},"22":{"start":{"line":52,"column":21},"end":{"line":52,"column":82}},"23":{"start":{"line":55,"column":8},"end":{"line":58,"column":10}},"24":{"start":{"line":60,"column":27},"end":{"line":65,"column":10}},"25":{"start":{"line":67,"column":8},"end":{"line":67,"column":41}},"26":{"start":{"line":69,"column":8},"end":{"line":69,"column":80}},"27":{"start":{"line":76,"column":25},"end":{"line":92,"column":1}},"28":{"start":{"line":77,"column":4},"end":{"line":91,"column":5}},"29":{"start":{"line":78,"column":28},"end":{"line":86,"column":40}},"30":{"start":{"line":88,"column":8},"end":{"line":88,"column":30}},"31":{"start":{"line":90,"column":8},"end":{"line":90,"column":80}},"32":{"start":{"line":94,"column":0},"end":{"line":99,"column":2}}},"fnMap":{"0":{"name":"(anonymous_0)","decl":{"start":{"line":8,"column":22},"end":{"line":8,"column":23}},"loc":{"start":{"line":8,"column":42},"end":{"line":25,"column":1}},"line":8},"1":{"name":"(anonymous_1)","decl":{"start":{"line":30,"column":20},"end":{"line":30,"column":21}},"loc":{"start":{"line":30,"column":40},"end":{"line":39,"column":1}},"line":30},"2":{"name":"(anonymous_2)","decl":{"start":{"line":44,"column":22},"end":{"line":44,"column":23}},"loc":{"start":{"line":44,"column":42},"end":{"line":71,"column":1}},"line":44},"3":{"name":"(anonymous_3)","decl":{"start":{"line":76,"column":25},"end":{"line":76,"column":26}},"loc":{"start":{"line":76,"column":45},"end":{"line":92,"column":1}},"line":76}},"branchMap":{"0":{"loc":{"start":{"line":49,"column":8},"end":{"line":49,"column":84}},"type":"if","locations":[{"start":{"line":49,"column":8},"end":{"line":49,"column":84}},{"start":{},"end":{}}],"line":49},"1":{"loc":{"start":{"line":52,"column":8},"end":{"line":52,"column":82}},"type":"if","locations":[{"start":{"line":52,"column":8},"end":{"line":52,"column":82}},{"start":{},"end":{}}],"line":52}},"s":{"0":6,"1":6,"2":6,"3":6,"4":0,"5":0,"6":0,"7":0,"8":0,"9":6,"10":0,"11":0,"12":0,"13":0,"14":6,"15":0,"16":0,"17":0,"18":0,"19":0,"20":0,"21":0,"22":0,"23":0,"24":0,"25":0,"26":0,"27":6,"28":0,"29":0,"30":0,"31":0,"32":6},"f":{"0":0,"1":0,"2":0,"3":0},"b":{"0":[0,0],"1":[0,0]},"_coverageSchema":"1a1c01bbd47fc00a2c39e90264f33305004495a9","hash":"5f68a2d2f79f55d2d8a0080323cbf17c8068c56d"}
,"/home/lr/GymOS/src/controllers/workoutController.js": {"path":"/home/lr/GymOS/src/controllers/workoutController.js","statementMap":{"0":{"start":{"line":1,"column":23},"end":{"line":1,"column":58}},"1":{"start":{"line":2,"column":19},"end":{"line":2,"column":50}},"2":{"start":{"line":3,"column":17},"end":{"line":3,"column":46}},"3":{"start":{"line":4,"column":21},"end":{"line":4,"column":53}},"4":{"start":{"line":6,"column":26},"end":{"line":6,"column":64}},"5":{"start":{"line":11,"column":21},"end":{"line":47,"column":1}},"6":{"start":{"line":12,"column":4},"end":{"line":46,"column":5}},"7":{"start":{"line":13,"column":33},"end":{"line":13,"column":41}},"8":{"start":{"line":16,"column":30},"end":{"line":19,"column":10}},"9":{"start":{"line":21,"column":8},"end":{"line":23,"column":9}},"10":{"start":{"line":22,"column":12},"end":{"line":22,"column":97}},"11":{"start":{"line":25,"column":24},"end":{"line":25,"column":28}},"12":{"start":{"line":27,"column":8},"end":{"line":33,"column":9}},"13":{"start":{"line":28,"column":31},"end":{"line":28,"column":126}},"14":{"start":{"line":29,"column":12},"end":{"line":31,"column":13}},"15":{"start":{"line":30,"column":16},"end":{"line":30,"column":81}},"16":{"start":{"line":32,"column":12},"end":{"line":32,"column":43}},"17":{"start":{"line":35,"column":24},"end":{"line":41,"column":10}},"18":{"start":{"line":43,"column":8},"end":{"line":43,"column":38}},"19":{"start":{"line":45,"column":8},"end":{"line":45,"column":58}},"20":{"start":{"line":52,"column":15},"end":{"line":80,"column":1}},"21":{"start":{"line":53,"column":78},"end":{"line":53,"column":86}},"22":{"start":{"line":55,"column":4},"end":{"line":79,"column":5}},"23":{"start":{"line":56,"column":24},"end":{"line":60,"column":10}},"24":{"start":{"line":62,"column":8},"end":{"line":64,"column":9}},"25":{"start":{"line":63,"column":12},"end":{"line":63,"column":89}},"26":{"start":{"line":66,"column":27},"end":{"line":74,"column":10}},"27":{"start":{"line":76,"column":8},"end":{"line":76,"column":41}},"28":{"start":{"line":78,"column":8},"end":{"line":78,"column":58}},"29":{"start":{"line":85,"column":22},"end":{"line":116,"column":1}},"30":{"start":{"line":86,"column":42},"end":{"line":86,"column":50}},"31":{"start":{"line":88,"column":4},"end":{"line":115,"column":5}},"32":{"start":{"line":89,"column":24},"end":{"line":93,"column":10}},"33":{"start":{"line":95,"column":8},"end":{"line":97,"column":9}},"34":{"start":{"line":96,"column":12},"end":{"line":96,"column":89}},"35":{"start":{"line":99,"column":24},"end":{"line":99,"column":34}},"36":{"start":{"line":100,"column":27},"end":{"line":100,"column":54}},"37":{"start":{"line":101,"column":32},"end":{"line":101,"column":62}},"38":{"start":{"line":103,"column":8},"end":{"line":103,"column":34}},"39":{"start":{"line":104,"column":8},"end":{"line":104,"column":43}},"40":{"start":{"line":106,"column":8},"end":{"line":108,"column":9}},"41":{"start":{"line":107,"column":12},"end":{"line":107,"column":52}},"42":{"start":{"line":110,"column":8},"end":{"line":110,"column":29}},"43":{"start":{"line":112,"column":8},"end":{"line":112,"column":67}},"44":{"start":{"line":114,"column":8},"end":{"line":114,"column":58}},"45":{"start":{"line":121,"column":19},"end":{"line":134,"column":2}},"46":{"start":{"line":122,"column":20},"end":{"line":131,"column":15}},"47":{"start":{"line":133,"column":4},"end":{"line":133,"column":22}},"48":{"start":{"line":136,"column":0},"end":{"line":141,"column":2}}},"fnMap":{"0":{"name":"(anonymous_0)","decl":{"start":{"line":11,"column":21},"end":{"line":11,"column":22}},"loc":{"start":{"line":11,"column":41},"end":{"line":47,"column":1}},"line":11},"1":{"name":"(anonymous_1)","decl":{"start":{"line":52,"column":15},"end":{"line":52,"column":16}},"loc":{"start":{"line":52,"column":35},"end":{"line":80,"column":1}},"line":52},"2":{"name":"(anonymous_2)","decl":{"start":{"line":85,"column":22},"end":{"line":85,"column":23}},"loc":{"start":{"line":85,"column":42},"end":{"line":116,"column":1}},"line":85},"3":{"name":"(anonymous_3)","decl":{"start":{"line":121,"column":32},"end":{"line":121,"column":33}},"loc":{"start":{"line":121,"column":52},"end":{"line":134,"column":1}},"line":121}},"branchMap":{"0":{"loc":{"start":{"line":21,"column":8},"end":{"line":23,"column":9}},"type":"if","locations":[{"start":{"line":21,"column":8},"end":{"line":23,"column":9}},{"start":{},"end":{}}],"line":21},"1":{"loc":{"start":{"line":27,"column":8},"end":{"line":33,"column":9}},"type":"if","locations":[{"start":{"line":27,"column":8},"end":{"line":33,"column":9}},{"start":{},"end":{}}],"line":27},"2":{"loc":{"start":{"line":29,"column":12},"end":{"line":31,"column":13}},"type":"if","locations":[{"start":{"line":29,"column":12},"end":{"line":31,"column":13}},{"start":{},"end":{}}],"line":29},"3":{"loc":{"start":{"line":38,"column":24},"end":{"line":38,"column":44}},"type":"binary-expr","locations":[{"start":{"line":38,"column":24},"end":{"line":38,"column":36}},{"start":{"line":38,"column":40},"end":{"line":38,"column":44}}],"line":38},"4":{"loc":{"start":{"line":39,"column":21},"end":{"line":39,"column":38}},"type":"binary-expr","locations":[{"start":{"line":39,"column":21},"end":{"line":39,"column":30}},{"start":{"line":39,"column":34},"end":{"line":39,"column":38}}],"line":39},"5":{"loc":{"start":{"line":62,"column":8},"end":{"line":64,"column":9}},"type":"if","locations":[{"start":{"line":62,"column":8},"end":{"line":64,"column":9}},{"start":{},"end":{}}],"line":62},"6":{"loc":{"start":{"line":95,"column":8},"end":{"line":97,"column":9}},"type":"if","locations":[{"start":{"line":95,"column":8},"end":{"line":97,"column":9}},{"start":{},"end":{}}],"line":95},"7":{"loc":{"start":{"line":106,"column":8},"end":{"line":108,"column":9}},"type":"if","locations":[{"start":{"line":106,"column":8},"end":{"line":108,"column":9}},{"start":{},"end":{}}],"line":106}},"s":{"0":6,"1":6,"2":6,"3":6,"4":6,"5":6,"6":0,"7":0,"8":0,"9":0,"10":0,"11":0,"12":0,"13":0,"14":0,"15":0,"16":0,"17":0,"18":0,"19":0,"20":6,"21":0,"22":0,"23":0,"24":0,"25":0,"26":0,"27":0,"28":0,"29":6,"30":0,"31":0,"32":0,"33":0,"34":0,"35":0,"36":0,"37":0,"38":0,"39":0,"40":0,"41":0,"42":0,"43":0,"44":0,"45":6,"46":0,"47":0,"48":6},"f":{"0":0,"1":0,"2":0,"3":0},"b":{"0":[0,0],"1":[0,0],"2":[0,0],"3":[0,0],"4":[0,0],"5":[0,0],"6":[0,0],"7":[0,0]},"_coverageSchema":"1a1c01bbd47fc00a2c39e90264f33305004495a9","hash":"036c484b78f22b4e170a295de4f4452d0af3ac62"}
,"/home/lr/GymOS/src/middleware/authMiddleware.js": {"path":"/home/lr/GymOS/src/middleware/authMiddleware.js","statementMap":{"0":{"start":{"line":1,"column":12},"end":{"line":1,"column":35}},"1":{"start":{"line":2,"column":13},"end":{"line":2,"column":38}},"2":{"start":{"line":4,"column":16},"end":{"line":35,"column":1}},"3":{"start":{"line":7,"column":4},"end":{"line":30,"column":5}},"4":{"start":{"line":11,"column":8},"end":{"line":29,"column":9}},"5":{"start":{"line":13,"column":12},"end":{"line":13,"column":60}},"6":{"start":{"line":16,"column":28},"end":{"line":19,"column":13}},"7":{"start":{"line":22,"column":12},"end":{"line":22,"column":75}},"8":{"start":{"line":25,"column":12},"end":{"line":25,"column":19}},"9":{"start":{"line":27,"column":12},"end":{"line":27,"column":33}},"10":{"start":{"line":28,"column":12},"end":{"line":28,"column":78}},"11":{"start":{"line":32,"column":4},"end":{"line":34,"column":5}},"12":{"start":{"line":33,"column":8},"end":{"line":33,"column":70}},"13":{"start":{"line":38,"column":14},"end":{"line":44,"column":1}},"14":{"start":{"line":39,"column":4},"end":{"line":43,"column":5}},"15":{"start":{"line":40,"column":8},"end":{"line":40,"column":15}},"16":{"start":{"line":42,"column":8},"end":{"line":42,"column":72}},"17":{"start":{"line":46,"column":0},"end":{"line":46,"column":36}}},"fnMap":{"0":{"name":"(anonymous_0)","decl":{"start":{"line":4,"column":16},"end":{"line":4,"column":17}},"loc":{"start":{"line":4,"column":42},"end":{"line":35,"column":1}},"line":4},"1":{"name":"(anonymous_1)","decl":{"start":{"line":38,"column":14},"end":{"line":38,"column":15}},"loc":{"start":{"line":38,"column":34},"end":{"line":44,"column":1}},"line":38}},"branchMap":{"0":{"loc":{"start":{"line":7,"column":4},"end":{"line":30,"column":5}},"type":"if","locations":[{"start":{"line":7,"column":4},"end":{"line":30,"column":5}},{"start":{},"end":{}}],"line":7},"1":{"loc":{"start":{"line":8,"column":8},"end":{"line":9,"column":54}},"type":"binary-expr","locations":[{"start":{"line":8,"column":8},"end":{"line":8,"column":33}},{"start":{"line":9,"column":8},"end":{"line":9,"column":54}}],"line":8},"2":{"loc":{"start":{"line":18,"column":16},"end":{"line":18,"column":59}},"type":"binary-expr","locations":[{"start":{"line":18,"column":16},"end":{"line":18,"column":38}},{"start":{"line":18,"column":42},"end":{"line":18,"column":59}}],"line":18},"3":{"loc":{"start":{"line":32,"column":4},"end":{"line":34,"column":5}},"type":"if","locations":[{"start":{"line":32,"column":4},"end":{"line":34,"column":5}},{"start":{},"end":{}}],"line":32},"4":{"loc":{"start":{"line":39,"column":4},"end":{"line":43,"column":5}},"type":"if","locations":[{"start":{"line":39,"column":4},"end":{"line":43,"column":5}},{"start":{"line":41,"column":11},"end":{"line":43,"column":5}}],"line":39},"5":{"loc":{"start":{"line":39,"column":8},"end":{"line":39,"column":45}},"type":"binary-expr","locations":[{"start":{"line":39,"column":8},"end":{"line":39,"column":16}},{"start":{"line":39,"column":20},"end":{"line":39,"column":45}}],"line":39}},"s":{"0":6,"1":6,"2":6,"3":55,"4":49,"5":49,"6":49,"7":48,"8":48,"9":1,"10":1,"11":55,"12":6,"13":6,"14":26,"15":19,"16":7,"17":6},"f":{"0":55,"1":26},"b":{"0":[49,6],"1":[55,49],"2":[49,49],"3":[6,49],"4":[19,7],"5":[26,26]},"_coverageSchema":"1a1c01bbd47fc00a2c39e90264f33305004495a9","hash":"1029670954fe72e3ecb1f68af0a507322950676c"}
,"/home/lr/GymOS/src/middleware/errorMiddleware.js": {"path":"/home/lr/GymOS/src/middleware/errorMiddleware.js","statementMap":{"0":{"start":{"line":1,"column":21},"end":{"line":8,"column":1}},"1":{"start":{"line":2,"column":23},"end":{"line":2,"column":60}},"2":{"start":{"line":4,"column":4},"end":{"line":7,"column":7}},"3":{"start":{"line":10,"column":0},"end":{"line":10,"column":34}}},"fnMap":{"0":{"name":"(anonymous_0)","decl":{"start":{"line":1,"column":21},"end":{"line":1,"column":22}},"loc":{"start":{"line":1,"column":46},"end":{"line":8,"column":1}},"line":1}},"branchMap":{"0":{"loc":{"start":{"line":2,"column":23},"end":{"line":2,"column":60}},"type":"cond-expr","locations":[{"start":{"line":2,"column":40},"end":{"line":2,"column":54}},{"start":{"line":2,"column":57},"end":{"line":2,"column":60}}],"line":2},"1":{"loc":{"start":{"line":6,"column":15},"end":{"line":6,"column":71}},"type":"cond-expr","locations":[{"start":{"line":6,"column":55},"end":{"line":6,"column":59}},{"start":{"line":6,"column":62},"end":{"line":6,"column":71}}],"line":6}},"s":{"0":6,"1":7,"2":7,"3":6},"f":{"0":7},"b":{"0":[7,0],"1":[0,7]},"_coverageSchema":"1a1c01bbd47fc00a2c39e90264f33305004495a9","hash":"a7f67741c4fd955ee858b72cd2163a8520218e0e"}
,"/home/lr/GymOS/src/middleware/permissionMiddleware.js": {"path":"/home/lr/GymOS/src/middleware/permissionMiddleware.js","statementMap":{"0":{"start":{"line":6,"column":20},"end":{"line":31,"column":1}},"1":{"start":{"line":37,"column":26},"end":{"line":46,"column":1}},"2":{"start":{"line":37,"column":42},"end":{"line":46,"column":1}},"3":{"start":{"line":38,"column":17},"end":{"line":38,"column":31}},"4":{"start":{"line":39,"column":20},"end":{"line":39,"column":43}},"5":{"start":{"line":41,"column":4},"end":{"line":43,"column":5}},"6":{"start":{"line":42,"column":8},"end":{"line":42,"column":22}},"7":{"start":{"line":45,"column":4},"end":{"line":45,"column":95}},"8":{"start":{"line":48,"column":0},"end":{"line":48,"column":52}}},"fnMap":{"0":{"name":"(anonymous_0)","decl":{"start":{"line":37,"column":26},"end":{"line":37,"column":27}},"loc":{"start":{"line":37,"column":42},"end":{"line":46,"column":1}},"line":37},"1":{"name":"(anonymous_1)","decl":{"start":{"line":37,"column":42},"end":{"line":37,"column":43}},"loc":{"start":{"line":37,"column":62},"end":{"line":46,"column":1}},"line":37}},"branchMap":{"0":{"loc":{"start":{"line":39,"column":20},"end":{"line":39,"column":43}},"type":"binary-expr","locations":[{"start":{"line":39,"column":20},"end":{"line":39,"column":37}},{"start":{"line":39,"column":41},"end":{"line":39,"column":43}}],"line":39},"1":{"loc":{"start":{"line":41,"column":4},"end":{"line":43,"column":5}},"type":"if","locations":[{"start":{"line":41,"column":4},"end":{"line":43,"column":5}},{"start":{},"end":{}}],"line":41}},"s":{"0":0,"1":0,"2":0,"3":0,"4":0,"5":0,"6":0,"7":0,"8":0},"f":{"0":0,"1":0},"b":{"0":[0,0],"1":[0,0]}}
,"/home/lr/GymOS/src/middleware/roleMiddleware.js": {"path":"/home/lr/GymOS/src/middleware/roleMiddleware.js","statementMap":{"0":{"start":{"line":1,"column":14},"end":{"line":7,"column":1}},"1":{"start":{"line":2,"column":4},"end":{"line":6,"column":5}},"2":{"start":{"line":3,"column":8},"end":{"line":3,"column":15}},"3":{"start":{"line":5,"column":8},"end":{"line":5,"column":72}},"4":{"start":{"line":9,"column":16},"end":{"line":15,"column":1}},"5":{"start":{"line":10,"column":4},"end":{"line":14,"column":5}},"6":{"start":{"line":11,"column":8},"end":{"line":11,"column":15}},"7":{"start":{"line":13,"column":8},"end":{"line":13,"column":73}},"8":{"start":{"line":17,"column":0},"end":{"line":17,"column":36}}},"fnMap":{"0":{"name":"(anonymous_0)","decl":{"start":{"line":1,"column":14},"end":{"line":1,"column":15}},"loc":{"start":{"line":1,"column":34},"end":{"line":7,"column":1}},"line":1},"1":{"name":"(anonymous_1)","decl":{"start":{"line":9,"column":16},"end":{"line":9,"column":17}},"loc":{"start":{"line":9,"column":36},"end":{"line":15,"column":1}},"line":9}},"branchMap":{"0":{"loc":{"start":{"line":2,"column":4},"end":{"line":6,"column":5}},"type":"if","locations":[{"start":{"line":2,"column":4},"end":{"line":6,"column":5}},{"start":{"line":4,"column":11},"end":{"line":6,"column":5}}],"line":2},"1":{"loc":{"start":{"line":2,"column":8},"end":{"line":2,"column":45}},"type":"binary-expr","locations":[{"start":{"line":2,"column":8},"end":{"line":2,"column":16}},{"start":{"line":2,"column":20},"end":{"line":2,"column":45}}],"line":2},"2":{"loc":{"start":{"line":10,"column":4},"end":{"line":14,"column":5}},"type":"if","locations":[{"start":{"line":10,"column":4},"end":{"line":14,"column":5}},{"start":{"line":12,"column":11},"end":{"line":14,"column":5}}],"line":10},"3":{"loc":{"start":{"line":10,"column":8},"end":{"line":10,"column":78}},"type":"binary-expr","locations":[{"start":{"line":10,"column":8},"end":{"line":10,"column":16}},{"start":{"line":10,"column":21},"end":{"line":10,"column":48}},{"start":{"line":10,"column":52},"end":{"line":10,"column":77}}],"line":10}},"s":{"0":6,"1":6,"2":5,"3":1,"4":6,"5":0,"6":0,"7":0,"8":6},"f":{"0":6,"1":0},"b":{"0":[5,1],"1":[6,6],"2":[0,0],"3":[0,0,0]},"_coverageSchema":"1a1c01bbd47fc00a2c39e90264f33305004495a9","hash":"f5818c57e4ca4bf80c08bc4cf53ea810576bce3b"}
,"/home/lr/GymOS/src/middleware/validateRequest.js": {"path":"/home/lr/GymOS/src/middleware/validateRequest.js","statementMap":{"0":{"start":{"line":1,"column":24},"end":{"line":18,"column":1}},"1":{"start":{"line":1,"column":36},"end":{"line":18,"column":1}},"2":{"start":{"line":2,"column":4},"end":{"line":17,"column":5}},"3":{"start":{"line":3,"column":8},"end":{"line":7,"column":11}},"4":{"start":{"line":8,"column":8},"end":{"line":8,"column":15}},"5":{"start":{"line":10,"column":8},"end":{"line":16,"column":11}},"6":{"start":{"line":12,"column":61},"end":{"line":15,"column":13}},"7":{"start":{"line":20,"column":0},"end":{"line":20,"column":33}}},"fnMap":{"0":{"name":"(anonymous_0)","decl":{"start":{"line":1,"column":24},"end":{"line":1,"column":25}},"loc":{"start":{"line":1,"column":36},"end":{"line":18,"column":1}},"line":1},"1":{"name":"(anonymous_1)","decl":{"start":{"line":1,"column":36},"end":{"line":1,"column":37}},"loc":{"start":{"line":1,"column":56},"end":{"line":18,"column":1}},"line":1},"2":{"name":"(anonymous_2)","decl":{"start":{"line":12,"column":53},"end":{"line":12,"column":54}},"loc":{"start":{"line":12,"column":61},"end":{"line":15,"column":13}},"line":12}},"branchMap":{"0":{"loc":{"start":{"line":12,"column":21},"end":{"line":12,"column":47}},"type":"binary-expr","locations":[{"start":{"line":12,"column":21},"end":{"line":12,"column":29}},{"start":{"line":12,"column":33},"end":{"line":12,"column":41}},{"start":{"line":12,"column":45},"end":{"line":12,"column":47}}],"line":12}},"s":{"0":6,"1":30,"2":11,"3":11,"4":7,"5":4,"6":5,"7":6},"f":{"0":30,"1":11,"2":5},"b":{"0":[4,0,0]},"_coverageSchema":"1a1c01bbd47fc00a2c39e90264f33305004495a9","hash":"3b08d54efb9ee7d92a594d43f58348c1b46746be"}
,"/home/lr/GymOS/src/models/Attendance.js": {"path":"/home/lr/GymOS/src/models/Attendance.js","statementMap":{"0":{"start":{"line":1,"column":17},"end":{"line":1,"column":36}},"1":{"start":{"line":3,"column":25},"end":{"line":36,"column":1}},"2":{"start":{"line":39,"column":0},"end":{"line":39,"column":55}},"3":{"start":{"line":41,"column":19},"end":{"line":41,"column":95}},"4":{"start":{"line":43,"column":0},"end":{"line":43,"column":28}}},"fnMap":{},"branchMap":{"0":{"loc":{"start":{"line":41,"column":19},"end":{"line":41,"column":95}},"type":"binary-expr","locations":[{"start":{"line":41,"column":19},"end":{"line":41,"column":45}},{"start":{"line":41,"column":49},"end":{"line":41,"column":95}}],"line":41}},"s":{"0":6,"1":6,"2":6,"3":6,"4":6},"f":{},"b":{"0":[6,6]},"_coverageSchema":"1a1c01bbd47fc00a2c39e90264f33305004495a9","hash":"aa3dc1d46f576465524527546284dd38b91261d4"}
,"/home/lr/GymOS/src/models/AuditLog.js": {"path":"/home/lr/GymOS/src/models/AuditLog.js","statementMap":{"0":{"start":{"line":1,"column":17},"end":{"line":1,"column":36}},"1":{"start":{"line":3,"column":23},"end":{"line":36,"column":1}},"2":{"start":{"line":38,"column":0},"end":{"line":38,"column":48}},"3":{"start":{"line":39,"column":0},"end":{"line":39,"column":35}},"4":{"start":{"line":40,"column":0},"end":{"line":40,"column":53}},"5":{"start":{"line":42,"column":17},"end":{"line":42,"column":87}},"6":{"start":{"line":44,"column":0},"end":{"line":44,"column":26}}},"fnMap":{},"branchMap":{"0":{"loc":{"start":{"line":42,"column":17},"end":{"line":42,"column":87}},"type":"binary-expr","locations":[{"start":{"line":42,"column":17},"end":{"line":42,"column":41}},{"start":{"line":42,"column":45},"end":{"line":42,"column":87}}],"line":42}},"s":{"0":6,"1":6,"2":6,"3":6,"4":6,"5":6,"6":6},"f":{},"b":{"0":[6,6]},"_coverageSchema":"1a1c01bbd47fc00a2c39e90264f33305004495a9","hash":"daf67c6e1fbcc00514adc9e85cd8f8e9dc8140c9"}
,"/home/lr/GymOS/src/models/Biometric.js": {"path":"/home/lr/GymOS/src/models/Biometric.js","statementMap":{"0":{"start":{"line":1,"column":17},"end":{"line":1,"column":36}},"1":{"start":{"line":3,"column":24},"end":{"line":32,"column":1}},"2":{"start":{"line":34,"column":18},"end":{"line":34,"column":62}},"3":{"start":{"line":36,"column":0},"end":{"line":36,"column":27}}},"fnMap":{},"branchMap":{},"s":{"0":6,"1":6,"2":6,"3":6},"f":{},"b":{},"_coverageSchema":"1a1c01bbd47fc00a2c39e90264f33305004495a9","hash":"94dd658c8ff0ad914fb12602b957e80f149450bc"}
,"/home/lr/GymOS/src/models/Exercise.js": {"path":"/home/lr/GymOS/src/models/Exercise.js","statementMap":{"0":{"start":{"line":1,"column":17},"end":{"line":1,"column":36}},"1":{"start":{"line":3,"column":23},"end":{"line":24,"column":1}},"2":{"start":{"line":26,"column":17},"end":{"line":26,"column":59}},"3":{"start":{"line":28,"column":0},"end":{"line":28,"column":26}}},"fnMap":{},"branchMap":{},"s":{"0":6,"1":6,"2":6,"3":6},"f":{},"b":{},"_coverageSchema":"1a1c01bbd47fc00a2c39e90264f33305004495a9","hash":"b8f96fce41eed684ef483f1d23e2e2329fc0be62"}
,"/home/lr/GymOS/src/models/Gym.js": {"path":"/home/lr/GymOS/src/models/Gym.js","statementMap":{"0":{"start":{"line":1,"column":17},"end":{"line":1,"column":36}},"1":{"start":{"line":3,"column":18},"end":{"line":20,"column":1}},"2":{"start":{"line":22,"column":12},"end":{"line":22,"column":67}},"3":{"start":{"line":24,"column":0},"end":{"line":24,"column":21}}},"fnMap":{},"branchMap":{"0":{"loc":{"start":{"line":22,"column":12},"end":{"line":22,"column":67}},"type":"binary-expr","locations":[{"start":{"line":22,"column":12},"end":{"line":22,"column":31}},{"start":{"line":22,"column":35},"end":{"line":22,"column":67}}],"line":22}},"s":{"0":6,"1":6,"2":6,"3":6},"f":{},"b":{"0":[6,6]},"_coverageSchema":"1a1c01bbd47fc00a2c39e90264f33305004495a9","hash":"25ac07892857e35a2eb910e19c830ae0f9866654"}
,"/home/lr/GymOS/src/models/Measurement.js": {"path":"/home/lr/GymOS/src/models/Measurement.js","statementMap":{"0":{"start":{"line":1,"column":17},"end":{"line":1,"column":36}},"1":{"start":{"line":3,"column":26},"end":{"line":42,"column":1}},"2":{"start":{"line":44,"column":20},"end":{"line":44,"column":68}},"3":{"start":{"line":46,"column":0},"end":{"line":46,"column":29}}},"fnMap":{},"branchMap":{},"s":{"0":6,"1":6,"2":6,"3":6},"f":{},"b":{},"_coverageSchema":"1a1c01bbd47fc00a2c39e90264f33305004495a9","hash":"7e4c664d63f1b49f2c46b561318d111e6d504bd4"}
,"/home/lr/GymOS/src/models/Membership.js": {"path":"/home/lr/GymOS/src/models/Membership.js","statementMap":{"0":{"start":{"line":1,"column":17},"end":{"line":1,"column":36}},"1":{"start":{"line":3,"column":25},"end":{"line":48,"column":1}},"2":{"start":{"line":50,"column":0},"end":{"line":50,"column":38}},"3":{"start":{"line":51,"column":0},"end":{"line":51,"column":38}},"4":{"start":{"line":52,"column":0},"end":{"line":52,"column":39}},"5":{"start":{"line":55,"column":19},"end":{"line":55,"column":95}},"6":{"start":{"line":57,"column":0},"end":{"line":57,"column":28}}},"fnMap":{},"branchMap":{"0":{"loc":{"start":{"line":55,"column":19},"end":{"line":55,"column":95}},"type":"binary-expr","locations":[{"start":{"line":55,"column":19},"end":{"line":55,"column":45}},{"start":{"line":55,"column":49},"end":{"line":55,"column":95}}],"line":55}},"s":{"0":7,"1":7,"2":7,"3":7,"4":7,"5":7,"6":7},"f":{},"b":{"0":[7,7]},"_coverageSchema":"1a1c01bbd47fc00a2c39e90264f33305004495a9","hash":"87de1ab580fc543b958df424f0020550b08a3c62"}
,"/home/lr/GymOS/src/models/MembershipPlan.js": {"path":"/home/lr/GymOS/src/models/MembershipPlan.js","statementMap":{"0":{"start":{"line":1,"column":17},"end":{"line":1,"column":36}},"1":{"start":{"line":3,"column":29},"end":{"line":26,"column":24}},"2":{"start":{"line":29,"column":23},"end":{"line":29,"column":111}},"3":{"start":{"line":30,"column":0},"end":{"line":30,"column":32}}},"fnMap":{},"branchMap":{"0":{"loc":{"start":{"line":29,"column":23},"end":{"line":29,"column":111}},"type":"binary-expr","locations":[{"start":{"line":29,"column":23},"end":{"line":29,"column":53}},{"start":{"line":29,"column":57},"end":{"line":29,"column":111}}],"line":29}},"s":{"0":7,"1":7,"2":7,"3":7},"f":{},"b":{"0":[7,7]},"_coverageSchema":"1a1c01bbd47fc00a2c39e90264f33305004495a9","hash":"29587c79ecfe28cc542011b510117ca02b497f91"}
,"/home/lr/GymOS/src/models/Notification.js": {"path":"/home/lr/GymOS/src/models/Notification.js","statementMap":{"0":{"start":{"line":1,"column":17},"end":{"line":1,"column":36}},"1":{"start":{"line":3,"column":27},"end":{"line":26,"column":1}},"2":{"start":{"line":28,"column":21},"end":{"line":28,"column":71}},"3":{"start":{"line":30,"column":0},"end":{"line":30,"column":30}}},"fnMap":{},"branchMap":{},"s":{"0":6,"1":6,"2":6,"3":6},"f":{},"b":{},"_coverageSchema":"1a1c01bbd47fc00a2c39e90264f33305004495a9","hash":"736756ba492708c4c3f9cd3a2a1e29f7218d459d"}
,"/home/lr/GymOS/src/models/Payment.js": {"path":"/home/lr/GymOS/src/models/Payment.js","statementMap":{"0":{"start":{"line":1,"column":17},"end":{"line":1,"column":36}},"1":{"start":{"line":3,"column":22},"end":{"line":48,"column":1}},"2":{"start":{"line":51,"column":0},"end":{"line":51,"column":35}},"3":{"start":{"line":52,"column":0},"end":{"line":52,"column":39}},"4":{"start":{"line":53,"column":0},"end":{"line":53,"column":39}},"5":{"start":{"line":55,"column":16},"end":{"line":55,"column":83}},"6":{"start":{"line":57,"column":0},"end":{"line":57,"column":25}}},"fnMap":{},"branchMap":{"0":{"loc":{"start":{"line":55,"column":16},"end":{"line":55,"column":83}},"type":"binary-expr","locations":[{"start":{"line":55,"column":16},"end":{"line":55,"column":39}},{"start":{"line":55,"column":43},"end":{"line":55,"column":83}}],"line":55}},"s":{"0":6,"1":6,"2":6,"3":6,"4":6,"5":6,"6":6},"f":{},"b":{"0":[6,6]},"_coverageSchema":"1a1c01bbd47fc00a2c39e90264f33305004495a9","hash":"49f1370fdf1cd59fa28b314de40aeb64e6d170cd"}
,"/home/lr/GymOS/src/models/TrainerAssignment.js": {"path":"/home/lr/GymOS/src/models/TrainerAssignment.js","statementMap":{"0":{"start":{"line":1,"column":17},"end":{"line":1,"column":36}},"1":{"start":{"line":3,"column":32},"end":{"line":38,"column":1}},"2":{"start":{"line":40,"column":0},"end":{"line":40,"column":53}},"3":{"start":{"line":41,"column":0},"end":{"line":41,"column":54}},"4":{"start":{"line":43,"column":26},"end":{"line":43,"column":123}},"5":{"start":{"line":45,"column":0},"end":{"line":45,"column":35}}},"fnMap":{},"branchMap":{"0":{"loc":{"start":{"line":43,"column":26},"end":{"line":43,"column":123}},"type":"binary-expr","locations":[{"start":{"line":43,"column":26},"end":{"line":43,"column":59}},{"start":{"line":43,"column":63},"end":{"line":43,"column":123}}],"line":43}},"s":{"0":6,"1":6,"2":6,"3":6,"4":6,"5":6},"f":{},"b":{"0":[6,6]},"_coverageSchema":"1a1c01bbd47fc00a2c39e90264f33305004495a9","hash":"b08d7f2dec90a9f722f1323bfb1f0682e0f24aa1"}
,"/home/lr/GymOS/src/models/User.js": {"path":"/home/lr/GymOS/src/models/User.js","statementMap":{"0":{"start":{"line":1,"column":17},"end":{"line":1,"column":36}},"1":{"start":{"line":2,"column":15},"end":{"line":2,"column":34}},"2":{"start":{"line":4,"column":19},"end":{"line":42,"column":1}},"3":{"start":{"line":45,"column":0},"end":{"line":52,"column":3}},"4":{"start":{"line":46,"column":4},"end":{"line":48,"column":5}},"5":{"start":{"line":47,"column":8},"end":{"line":47,"column":15}},"6":{"start":{"line":50,"column":17},"end":{"line":50,"column":41}},"7":{"start":{"line":51,"column":4},"end":{"line":51,"column":59}},"8":{"start":{"line":55,"column":0},"end":{"line":57,"column":2}},"9":{"start":{"line":56,"column":4},"end":{"line":56,"column":64}},"10":{"start":{"line":59,"column":13},"end":{"line":59,"column":47}},"11":{"start":{"line":61,"column":0},"end":{"line":61,"column":22}}},"fnMap":{"0":{"name":"(anonymous_0)","decl":{"start":{"line":45,"column":23},"end":{"line":45,"column":24}},"loc":{"start":{"line":45,"column":45},"end":{"line":52,"column":1}},"line":45},"1":{"name":"(anonymous_1)","decl":{"start":{"line":55,"column":35},"end":{"line":55,"column":36}},"loc":{"start":{"line":55,"column":68},"end":{"line":57,"column":1}},"line":55}},"branchMap":{"0":{"loc":{"start":{"line":46,"column":4},"end":{"line":48,"column":5}},"type":"if","locations":[{"start":{"line":46,"column":4},"end":{"line":48,"column":5}},{"start":{},"end":{}}],"line":46}},"s":{"0":6,"1":6,"2":6,"3":6,"4":99,"5":0,"6":99,"7":99,"8":6,"9":2,"10":6,"11":6},"f":{"0":99,"1":2},"b":{"0":[0,99]},"_coverageSchema":"1a1c01bbd47fc00a2c39e90264f33305004495a9","hash":"164f5f5bd3a9a4f6e8ae4d2d9153c14c6b1b6da0"}
,"/home/lr/GymOS/src/models/WorkoutProgram.js": {"path":"/home/lr/GymOS/src/models/WorkoutProgram.js","statementMap":{"0":{"start":{"line":1,"column":17},"end":{"line":1,"column":36}},"1":{"start":{"line":3,"column":29},"end":{"line":56,"column":1}},"2":{"start":{"line":58,"column":0},"end":{"line":58,"column":51}},"3":{"start":{"line":60,"column":23},"end":{"line":60,"column":111}},"4":{"start":{"line":62,"column":0},"end":{"line":62,"column":32}}},"fnMap":{},"branchMap":{"0":{"loc":{"start":{"line":60,"column":23},"end":{"line":60,"column":111}},"type":"binary-expr","locations":[{"start":{"line":60,"column":23},"end":{"line":60,"column":53}},{"start":{"line":60,"column":57},"end":{"line":60,"column":111}}],"line":60}},"s":{"0":6,"1":6,"2":6,"3":6,"4":6},"f":{},"b":{"0":[6,6]},"_coverageSchema":"1a1c01bbd47fc00a2c39e90264f33305004495a9","hash":"ddfb1c2b92994993a9a5af3c6ce33461d3265419"}
,"/home/lr/GymOS/src/models/WorkoutSession.js": {"path":"/home/lr/GymOS/src/models/WorkoutSession.js","statementMap":{"0":{"start":{"line":1,"column":17},"end":{"line":1,"column":36}},"1":{"start":{"line":3,"column":29},"end":{"line":40,"column":1}},"2":{"start":{"line":42,"column":23},"end":{"line":42,"column":77}},"3":{"start":{"line":44,"column":0},"end":{"line":44,"column":32}}},"fnMap":{},"branchMap":{},"s":{"0":6,"1":6,"2":6,"3":6},"f":{},"b":{},"_coverageSchema":"1a1c01bbd47fc00a2c39e90264f33305004495a9","hash":"c51a6c56444c1f54f48d76e991f379de77cbd46f"}
,"/home/lr/GymOS/src/models/WorkoutSet.js": {"path":"/home/lr/GymOS/src/models/WorkoutSet.js","statementMap":{"0":{"start":{"line":1,"column":17},"end":{"line":1,"column":36}},"1":{"start":{"line":3,"column":25},"end":{"line":39,"column":1}},"2":{"start":{"line":41,"column":19},"end":{"line":41,"column":65}},"3":{"start":{"line":43,"column":0},"end":{"line":43,"column":28}}},"fnMap":{},"branchMap":{},"s":{"0":6,"1":6,"2":6,"3":6},"f":{},"b":{},"_coverageSchema":"1a1c01bbd47fc00a2c39e90264f33305004495a9","hash":"92a081b5715c3d7633abe05eed109e060134aebd"}
,"/home/lr/GymOS/src/routes/analyticsRoutes.js": {"path":"/home/lr/GymOS/src/routes/analyticsRoutes.js","statementMap":{"0":{"start":{"line":1,"column":16},"end":{"line":1,"column":34}},"1":{"start":{"line":2,"column":15},"end":{"line":2,"column":31}},"2":{"start":{"line":9,"column":4},"end":{"line":9,"column":49}},"3":{"start":{"line":11,"column":27},"end":{"line":11,"column":66}},"4":{"start":{"line":14,"column":0},"end":{"line":14,"column":27}},"5":{"start":{"line":16,"column":0},"end":{"line":16,"column":42}},"6":{"start":{"line":17,"column":0},"end":{"line":17,"column":48}},"7":{"start":{"line":18,"column":0},"end":{"line":18,"column":49}},"8":{"start":{"line":19,"column":0},"end":{"line":19,"column":43}},"9":{"start":{"line":21,"column":0},"end":{"line":21,"column":24}}},"fnMap":{},"branchMap":{},"s":{"0":6,"1":6,"2":6,"3":6,"4":6,"5":6,"6":6,"7":6,"8":6,"9":6},"f":{},"b":{},"_coverageSchema":"1a1c01bbd47fc00a2c39e90264f33305004495a9","hash":"e5a62ebec8c283dc02b6d4af657e16cc1a464ac9"}
,"/home/lr/GymOS/src/routes/attendanceRoutes.js": {"path":"/home/lr/GymOS/src/routes/attendanceRoutes.js","statementMap":{"0":{"start":{"line":1,"column":16},"end":{"line":1,"column":34}},"1":{"start":{"line":2,"column":15},"end":{"line":2,"column":31}},"2":{"start":{"line":8,"column":4},"end":{"line":8,"column":50}},"3":{"start":{"line":9,"column":20},"end":{"line":9,"column":59}},"4":{"start":{"line":10,"column":27},"end":{"line":10,"column":66}},"5":{"start":{"line":15,"column":18},"end":{"line":21,"column":1}},"6":{"start":{"line":16,"column":4},"end":{"line":20,"column":5}},"7":{"start":{"line":17,"column":8},"end":{"line":17,"column":15}},"8":{"start":{"line":19,"column":8},"end":{"line":19,"column":69}},"9":{"start":{"line":23,"column":0},"end":{"line":23,"column":61}},"10":{"start":{"line":26,"column":0},"end":{"line":26,"column":42}},"11":{"start":{"line":27,"column":0},"end":{"line":27,"column":44}},"12":{"start":{"line":28,"column":0},"end":{"line":28,"column":56}},"13":{"start":{"line":31,"column":0},"end":{"line":33,"column":3}},"14":{"start":{"line":32,"column":4},"end":{"line":32,"column":64}},"15":{"start":{"line":35,"column":0},"end":{"line":35,"column":24}}},"fnMap":{"0":{"name":"(anonymous_0)","decl":{"start":{"line":15,"column":18},"end":{"line":15,"column":19}},"loc":{"start":{"line":15,"column":38},"end":{"line":21,"column":1}},"line":15},"1":{"name":"(anonymous_1)","decl":{"start":{"line":31,"column":32},"end":{"line":31,"column":33}},"loc":{"start":{"line":31,"column":46},"end":{"line":33,"column":1}},"line":31}},"branchMap":{"0":{"loc":{"start":{"line":16,"column":4},"end":{"line":20,"column":5}},"type":"if","locations":[{"start":{"line":16,"column":4},"end":{"line":20,"column":5}},{"start":{"line":18,"column":11},"end":{"line":20,"column":5}}],"line":16},"1":{"loc":{"start":{"line":16,"column":8},"end":{"line":16,"column":78}},"type":"binary-expr","locations":[{"start":{"line":16,"column":8},"end":{"line":16,"column":16}},{"start":{"line":16,"column":21},"end":{"line":16,"column":46}},{"start":{"line":16,"column":50},"end":{"line":16,"column":77}}],"line":16}},"s":{"0":6,"1":6,"2":6,"3":6,"4":6,"5":6,"6":0,"7":0,"8":0,"9":6,"10":6,"11":6,"12":6,"13":6,"14":0,"15":6},"f":{"0":0,"1":0},"b":{"0":[0,0],"1":[0,0,0]},"_coverageSchema":"1a1c01bbd47fc00a2c39e90264f33305004495a9","hash":"6fcf439332d145032c99caaad9a2dbad3af33c6c"}
[...]
,"/home/lr/GymOS/src/routes/biometricRoutes.js": {"path":"/home/lr/GymOS/src/routes/biometricRoutes.js","statementMap":{"0":{"start":{"line":1,"column":16},"end":{"line":1,"column":34}},"1":{"start":{"line":2,"column":15},"end":{"line":2,"column":31}},"2":{"start":{"line":3,"column":35},"end":{"line":3,"column":80}},"3":{"start":{"line":4,"column":20},"end":{"line":4,"column":59}},"4":{"start":{"line":6,"column":0},"end":{"line":6,"column":41}},"5":{"start":{"line":7,"column":0},"end":{"line":7,"column":44}},"6":{"start":{"line":9,"column":0},"end":{"line":9,"column":24}}},"fnMap":{},"branchMap":{},"s":{"0":6,"1":6,"2":6,"3":6,"4":6,"5":6,"6":6},"f":{},"b":{},"_coverageSchema":"1a1c01bbd47fc00a2c39e90264f33305004495a9","hash":"a584d3fffc3c3ed3de407e6baccbeda25c389a93"}
,"/home/lr/GymOS/src/routes/membershipRoutes.js": {"path":"/home/lr/GymOS/src/routes/membershipRoutes.js","statementMap":{"0":{"start":{"line":1,"column":16},"end":{"line":1,"column":34}},"1":{"start":{"line":2,"column":15},"end":{"line":2,"column":31}},"2":{"start":{"line":8,"column":4},"end":{"line":8,"column":50}},"3":{"start":{"line":9,"column":27},"end":{"line":9,"column":66}},"4":{"start":{"line":11,"column":0},"end":{"line":11,"column":51}},"5":{"start":{"line":12,"column":0},"end":{"line":12,"column":61}},"6":{"start":{"line":13,"column":0},"end":{"line":13,"column":62}},"7":{"start":{"line":14,"column":0},"end":{"line":14,"column":62}},"8":{"start":{"line":16,"column":0},"end":{"line":16,"column":24}}},"fnMap":{},"branchMap":{},"s":{"0":6,"1":6,"2":6,"3":6,"4":6,"5":6,"6":6,"7":6,"8":6},"f":{},"b":{},"_coverageSchema":"1a1c01bbd47fc00a2c39e90264f33305004495a9","hash":"b7efbb25d42d08cd582389b4eddcc0f65ac7bad8"}
,"/home/lr/GymOS/src/routes/notificationRoutes.js": {"path":"/home/lr/GymOS/src/routes/notificationRoutes.js","statementMap":{"0":{"start":{"line":1,"column":16},"end":{"line":1,"column":34}},"1":{"start":{"line":2,"column":15},"end":{"line":2,"column":31}},"2":{"start":{"line":3,"column":58},"end":{"line":3,"column":106}},"3":{"start":{"line":4,"column":20},"end":{"line":4,"column":59}},"4":{"start":{"line":6,"column":0},"end":{"line":6,"column":20}},"5":{"start":{"line":8,"column":0},"end":{"line":8,"column":36}},"6":{"start":{"line":9,"column":0},"end":{"line":9,"column":41}},"7":{"start":{"line":10,"column":0},"end":{"line":10,"column":38}},"8":{"start":{"line":12,"column":0},"end":{"line":12,"column":24}}},"fnMap":{},"branchMap":{},"s":{"0":6,"1":6,"2":6,"3":6,"4":6,"5":6,"6":6,"7":6,"8":6},"f":{},"b":{},"_coverageSchema":"1a1c01bbd47fc00a2c39e90264f33305004495a9","hash":"c47fc2ea65f000a1cb296a38967411afff8875af"}
,"/home/lr/GymOS/src/routes/paymentRoutes.js": {"path":"/home/lr/GymOS/src/routes/paymentRoutes.js","statementMap":{"0":{"start":{"line":1,"column":16},"end":{"line":1,"column":34}},"1":{"start":{"line":2,"column":15},"end":{"line":2,"column":31}},"2":{"start":{"line":8,"column":4},"end":{"line":8,"column":47}},"3":{"start":{"line":9,"column":20},"end":{"line":9,"column":59}},"4":{"start":{"line":10,"column":18},"end":{"line":10,"column":57}},"5":{"start":{"line":13,"column":0},"end":{"line":15,"column":41}},"6":{"start":{"line":17,"column":0},"end":{"line":17,"column":58}},"7":{"start":{"line":20,"column":0},"end":{"line":20,"column":54}},"8":{"start":{"line":22,"column":0},"end":{"line":22,"column":24}}},"fnMap":{},"branchMap":{},"s":{"0":6,"1":6,"2":6,"3":6,"4":6,"5":6,"6":6,"7":6,"8":6},"f":{},"b":{},"_coverageSchema":"1a1c01bbd47fc00a2c39e90264f33305004495a9","hash":"4cf93a36f237a07c96eb674c3aa64155949e2a46"}
,"/home/lr/GymOS/src/routes/planRoutes.js": {"path":"/home/lr/GymOS/src/routes/planRoutes.js","statementMap":{"0":{"start":{"line":1,"column":16},"end":{"line":1,"column":34}},"1":{"start":{"line":2,"column":15},"end":{"line":2,"column":31}},"2":{"start":{"line":6,"column":4},"end":{"line":6,"column":50}},"3":{"start":{"line":7,"column":27},"end":{"line":7,"column":66}},"4":{"start":{"line":8,"column":24},"end":{"line":8,"column":64}},"5":{"start":{"line":9,"column":29},"end":{"line":9,"column":67}},"6":{"start":{"line":12,"column":0},"end":{"line":12,"column":32}},"7":{"start":{"line":15,"column":0},"end":{"line":15,"column":86}},"8":{"start":{"line":17,"column":0},"end":{"line":17,"column":24}}},"fnMap":{},"branchMap":{},"s":{"0":6,"1":6,"2":6,"3":6,"4":6,"5":6,"6":6,"7":6,"8":6},"f":{},"b":{},"_coverageSchema":"1a1c01bbd47fc00a2c39e90264f33305004495a9","hash":"b9c7b42abcade35cbfbed0e38d680a8221a8c27b"}
,"/home/lr/GymOS/src/routes/programRoutes.js": {"path":"/home/lr/GymOS/src/routes/programRoutes.js","statementMap":{"0":{"start":{"line":1,"column":16},"end":{"line":1,"column":34}},"1":{"start":{"line":2,"column":15},"end":{"line":2,"column":31}},"2":{"start":{"line":3,"column":24},"end":{"line":3,"column":64}},"3":{"start":{"line":4,"column":53},"end":{"line":4,"column":94}},"4":{"start":{"line":11,"column":4},"end":{"line":11,"column":47}},"5":{"start":{"line":12,"column":20},"end":{"line":12,"column":59}},"6":{"start":{"line":15,"column":23},"end":{"line":21,"column":1}},"7":{"start":{"line":16,"column":4},"end":{"line":20,"column":5}},"8":{"start":{"line":17,"column":8},"end":{"line":17,"column":15}},"9":{"start":{"line":19,"column":8},"end":{"line":19,"column":82}},"10":{"start":{"line":23,"column":0},"end":{"line":25,"column":88}},"11":{"start":{"line":27,"column":0},"end":{"line":27,"column":101}},"12":{"start":{"line":29,"column":0},"end":{"line":29,"column":57}},"13":{"start":{"line":31,"column":0},"end":{"line":31,"column":24}}},"fnMap":{"0":{"name":"(anonymous_0)","decl":{"start":{"line":15,"column":23},"end":{"line":15,"column":24}},"loc":{"start":{"line":15,"column":43},"end":{"line":21,"column":1}},"line":15}},"branchMap":{"0":{"loc":{"start":{"line":16,"column":4},"end":{"line":20,"column":5}},"type":"if","locations":[{"start":{"line":16,"column":4},"end":{"line":20,"column":5}},{"start":{"line":18,"column":11},"end":{"line":20,"column":5}}],"line":16},"1":{"loc":{"start":{"line":16,"column":8},"end":{"line":16,"column":78}},"type":"binary-expr","locations":[{"start":{"line":16,"column":8},"end":{"line":16,"column":16}},{"start":{"line":16,"column":21},"end":{"line":16,"column":46}},{"start":{"line":16,"column":50},"end":{"line":16,"column":77}}],"line":16}},"s":{"0":6,"1":6,"2":6,"3":6,"4":6,"5":6,"6":6,"7":0,"8":0,"9":0,"10":6,"11":6,"12":6,"13":6},"f":{"0":0},"b":{"0":[0,0],"1":[0,0,0]},"_coverageSchema":"1a1c01bbd47fc00a2c39e90264f33305004495a9","hash":"d51a34fc80ec1c8fbdd751d7a1792f5fdd918403"}
,"/home/lr/GymOS/src/routes/workoutRoutes.js": {"path":"/home/lr/GymOS/src/routes/workoutRoutes.js","statementMap":{"0":{"start":{"line":1,"column":16},"end":{"line":1,"column":34}},"1":{"start":{"line":2,"column":15},"end":{"line":2,"column":31}},"2":{"start":{"line":8,"column":4},"end":{"line":8,"column":47}},"3":{"start":{"line":9,"column":20},"end":{"line":9,"column":59}},"4":{"start":{"line":11,"column":0},"end":{"line":11,"column":45}},"5":{"start":{"line":12,"column":0},"end":{"line":12,"column":41}},"6":{"start":{"line":13,"column":0},"end":{"line":13,"column":47}},"7":{"start":{"line":14,"column":0},"end":{"line":14,"column":44}},"8":{"start":{"line":16,"column":0},"end":{"line":16,"column":24}}},"fnMap":{},"branchMap":{},"s":{"0":6,"1":6,"2":6,"3":6,"4":6,"5":6,"6":6,"7":6,"8":6},"f":{},"b":{},"_coverageSchema":"1a1c01bbd47fc00a2c39e90264f33305004495a9","hash":"91ad027ad7ac3843d619e06e8ff9bd2a51e74e84"}
,"/home/lr/GymOS/src/services/auditService.js": {"path":"/home/lr/GymOS/src/services/auditService.js","statementMap":{"0":{"start":{"line":1,"column":17},"end":{"line":1,"column":46}},"1":{"start":{"line":15,"column":18},"end":{"line":22,"column":1}},"2":{"start":{"line":16,"column":4},"end":{"line":21,"column":5}},"3":{"start":{"line":17,"column":8},"end":{"line":17,"column":86}},"4":{"start":{"line":20,"column":8},"end":{"line":20,"column":70}},"5":{"start":{"line":24,"column":0},"end":{"line":24,"column":31}}},"fnMap":{"0":{"name":"(anonymous_0)","decl":{"start":{"line":15,"column":18},"end":{"line":15,"column":19}},"loc":{"start":{"line":15,"column":89},"end":{"line":22,"column":1}},"line":15}},"branchMap":{"0":{"loc":{"start":{"line":15,"column":69},"end":{"line":15,"column":82}},"type":"default-arg","locations":[{"start":{"line":15,"column":80},"end":{"line":15,"column":82}}],"line":15}},"s":{"0":6,"1":6,"2":9,"3":9,"4":0,"5":6},"f":{"0":9},"b":{"0":[1]},"_coverageSchema":"1a1c01bbd47fc00a2c39e90264f33305004495a9","hash":"1e46535198327f92731a06c40c7d160b1ce325a6"}
,"/home/lr/GymOS/src/services/membershipService.js": {"path":"/home/lr/GymOS/src/services/membershipService.js","statementMap":{"0":{"start":{"line":1,"column":19},"end":{"line":1,"column":50}},"1":{"start":{"line":2,"column":23},"end":{"line":2,"column":58}},"2":{"start":{"line":16,"column":33},"end":{"line":32,"column":1}},"3":{"start":{"line":17,"column":17},"end":{"line":17,"column":71}},"4":{"start":{"line":18,"column":4},"end":{"line":18,"column":60}},"5":{"start":{"line":18,"column":15},"end":{"line":18,"column":60}},"6":{"start":{"line":20,"column":22},"end":{"line":20,"column":32}},"7":{"start":{"line":21,"column":20},"end":{"line":21,"column":39}},"8":{"start":{"line":22,"column":4},"end":{"line":22,"column":61}},"9":{"start":{"line":25,"column":17},"end":{"line":28,"column":5}},"10":{"start":{"line":29,"column":23},"end":{"line":29,"column":30}},"11":{"start":{"line":31,"column":4},"end":{"line":31,"column":32}},"12":{"start":{"line":37,"column":26},"end":{"line":46,"column":1}},"13":{"start":{"line":38,"column":16},"end":{"line":38,"column":26}},"14":{"start":{"line":39,"column":21},"end":{"line":39,"column":70}},"15":{"start":{"line":41,"column":24},"end":{"line":44,"column":5}},"16":{"start":{"line":45,"column":4},"end":{"line":45,"column":37}},"17":{"start":{"line":51,"column":25},"end":{"line":59,"column":1}},"18":{"start":{"line":52,"column":16},"end":{"line":52,"column":26}},"19":{"start":{"line":54,"column":25},"end":{"line":57,"column":5}},"20":{"start":{"line":58,"column":4},"end":{"line":58,"column":38}},"21":{"start":{"line":61,"column":0},"end":{"line":65,"column":2}}},"fnMap":{"0":{"name":"(anonymous_0)","decl":{"start":{"line":16,"column":33},"end":{"line":16,"column":34}},"loc":{"start":{"line":16,"column":97},"end":{"line":32,"column":1}},"line":16},"1":{"name":"(anonymous_1)","decl":{"start":{"line":37,"column":26},"end":{"line":37,"column":27}},"loc":{"start":{"line":37,"column":38},"end":{"line":46,"column":1}},"line":37},"2":{"name":"(anonymous_2)","decl":{"start":{"line":51,"column":25},"end":{"line":51,"column":26}},"loc":{"start":{"line":51,"column":37},"end":{"line":59,"column":1}},"line":51}},"branchMap":{"0":{"loc":{"start":{"line":16,"column":78},"end":{"line":16,"column":92}},"type":"default-arg","locations":[{"start":{"line":16,"column":88},"end":{"line":16,"column":92}}],"line":16},"1":{"loc":{"start":{"line":18,"column":4},"end":{"line":18,"column":60}},"type":"if","locations":[{"start":{"line":18,"column":4},"end":{"line":18,"column":60}},{"start":{},"end":{}}],"line":18},"2":{"loc":{"start":{"line":27,"column":8},"end":{"line":27,"column":34}},"type":"cond-expr","locations":[{"start":{"line":27,"column":18},"end":{"line":27,"column":29}},{"start":{"line":27,"column":32},"end":{"line":27,"column":34}}],"line":27}},"s":{"0":7,"1":7,"2":7,"3":3,"4":3,"5":0,"6":3,"7":3,"8":3,"9":3,"10":3,"11":3,"12":7,"13":3,"14":3,"15":3,"16":3,"17":7,"18":2,"19":2,"20":2,"21":7},"f":{"0":3,"1":3,"2":2},"b":{"0":[2],"1":[0,3],"2":[1,2]},"_coverageSchema":"1a1c01bbd47fc00a2c39e90264f33305004495a9","hash":"b12b8ad5e40be4124943066dafe9437faae8a399"}
,"/home/lr/GymOS/src/services/notificationService.js": {"path":"/home/lr/GymOS/src/services/notificationService.js","statementMap":{"0":{"start":{"line":1,"column":21},"end":{"line":1,"column":54}},"1":{"start":{"line":12,"column":15},"end":{"line":18,"column":1}},"2":{"start":{"line":13,"column":4},"end":{"line":17,"column":5}},"3":{"start":{"line":14,"column":8},"end":{"line":14,"column":62}},"4":{"start":{"line":16,"column":8},"end":{"line":16,"column":84}},"5":{"start":{"line":20,"column":0},"end":{"line":20,"column":28}}},"fnMap":{"0":{"name":"(anonymous_0)","decl":{"start":{"line":12,"column":15},"end":{"line":12,"column":16}},"loc":{"start":{"line":12,"column":53},"end":{"line":18,"column":1}},"line":12}},"branchMap":{},"s":{"0":6,"1":6,"2":5,"3":5,"4":0,"5":6},"f":{"0":5},"b":{},"_coverageSchema":"1a1c01bbd47fc00a2c39e90264f33305004495a9","hash":"04838497f898ce519b92c4fc2d997e44cf0c1208"}
,"/home/lr/GymOS/src/services/paymentService.js": {"path":"/home/lr/GymOS/src/services/paymentService.js","statementMap":{"0":{"start":{"line":1,"column":17},"end":{"line":1,"column":36}},"1":{"start":{"line":2,"column":16},"end":{"line":2,"column":44}},"2":{"start":{"line":3,"column":37},"end":{"line":3,"column":67}},"3":{"start":{"line":4,"column":22},"end":{"line":4,"column":47}},"4":{"start":{"line":5,"column":19},"end":{"line":5,"column":51}},"5":{"start":{"line":14,"column":35},"end":{"line":80,"column":1}},"6":{"start":{"line":15,"column":20},"end":{"line":15,"column":49}},"7":{"start":{"line":20,"column":4},"end":{"line":39,"column":5}},"8":{"start":{"line":21,"column":8},"end":{"line":36,"column":11}},"9":{"start":{"line":23,"column":30},"end":{"line":26,"column":13}},"10":{"start":{"line":27,"column":12},"end":{"line":27,"column":30}},"11":{"start":{"line":30,"column":12},"end":{"line":35,"column":13}},"12":{"start":{"line":31,"column":45},"end":{"line":31,"column":122}},"13":{"start":{"line":32,"column":16},"end":{"line":32,"column":52}},"14":{"start":{"line":33,"column":16},"end":{"line":33,"column":48}},"15":{"start":{"line":34,"column":16},"end":{"line":34,"column":48}},"16":{"start":{"line":38,"column":8},"end":{"line":38,"column":29}},"17":{"start":{"line":45,"column":4},"end":{"line":52,"column":7}},"18":{"start":{"line":54,"column":4},"end":{"line":58,"column":7}},"19":{"start":{"line":60,"column":4},"end":{"line":77,"column":5}},"20":{"start":{"line":61,"column":37},"end":{"line":61,"column":45}},"21":{"start":{"line":63,"column":8},"end":{"line":70,"column":11}},"22":{"start":{"line":72,"column":8},"end":{"line":76,"column":11}},"23":{"start":{"line":79,"column":4},"end":{"line":79,"column":19}},"24":{"start":{"line":82,"column":0},"end":{"line":82,"column":48}}},"fnMap":{"0":{"name":"(anonymous_0)","decl":{"start":{"line":14,"column":35},"end":{"line":14,"column":36}},"loc":{"start":{"line":14,"column":109},"end":{"line":80,"column":1}},"line":14},"1":{"name":"(anonymous_1)","decl":{"start":{"line":21,"column":38},"end":{"line":21,"column":39}},"loc":{"start":{"line":21,"column":50},"end":{"line":36,"column":9}},"line":21}},"branchMap":{"0":{"loc":{"start":{"line":24,"column":55},"end":{"line":24,"column":72}},"type":"binary-expr","locations":[{"start":{"line":24,"column":55},"end":{"line":24,"column":63}},{"start":{"line":24,"column":67},"end":{"line":24,"column":72}}],"line":24},"1":{"loc":{"start":{"line":30,"column":12},"end":{"line":35,"column":13}},"type":"if","locations":[{"start":{"line":30,"column":12},"end":{"line":35,"column":13}},{"start":{},"end":{}}],"line":30},"2":{"loc":{"start":{"line":51,"column":46},"end":{"line":51,"column":63}},"type":"binary-expr","locations":[{"start":{"line":51,"column":46},"end":{"line":51,"column":54}},{"start":{"line":51,"column":58},"end":{"line":51,"column":63}}],"line":51},"3":{"loc":{"start":{"line":57,"column":36},"end":{"line":57,"column":53}},"type":"binary-expr","locations":[{"start":{"line":57,"column":36},"end":{"line":57,"column":44}},{"start":{"line":57,"column":48},"end":{"line":57,"column":53}}],"line":57},"4":{"loc":{"start":{"line":60,"column":4},"end":{"line":77,"column":5}},"type":"if","locations":[{"start":{"line":60,"column":4},"end":{"line":77,"column":5}},{"start":{},"end":{}}],"line":60}},"s":{"0":6,"1":6,"2":6,"3":6,"4":6,"5":6,"6":2,"7":2,"8":2,"9":2,"10":2,"11":2,"12":1,"13":1,"14":1,"15":1,"16":2,"17":2,"18":2,"19":2,"20":1,"21":1,"22":1,"23":2,"24":6},"f":{"0":2,"1":2},"b":{"0":[2,2],"1":[1,1],"2":[2,2],"3":[2,2],"4":[1,1]},"_coverageSchema":"1a1c01bbd47fc00a2c39e90264f33305004495a9","hash":"699f8ebb4363f3e6270119ae3fab3284c35633a5"}
,"/home/lr/GymOS/src/utils/generateToken.js": {"path":"/home/lr/GymOS/src/utils/generateToken.js","statementMap":{"0":{"start":{"line":1,"column":12},"end":{"line":1,"column":35}},"1":{"start":{"line":3,"column":22},"end":{"line":7,"column":1}},"2":{"start":{"line":4,"column":4},"end":{"line":6,"column":7}},"3":{"start":{"line":9,"column":0},"end":{"line":9,"column":31}}},"fnMap":{"0":{"name":"(anonymous_0)","decl":{"start":{"line":3,"column":22},"end":{"line":3,"column":23}},"loc":{"start":{"line":3,"column":30},"end":{"line":7,"column":1}},"line":3}},"branchMap":{"0":{"loc":{"start":{"line":4,"column":28},"end":{"line":4,"column":71}},"type":"binary-expr","locations":[{"start":{"line":4,"column":28},"end":{"line":4,"column":50}},{"start":{"line":4,"column":54},"end":{"line":4,"column":71}}],"line":4}},"s":{"0":6,"1":6,"2":2,"3":6},"f":{"0":2},"b":{"0":[2,2]},"_coverageSchema":"1a1c01bbd47fc00a2c39e90264f33305004495a9","hash":"fd9faf9f76be3466a7d38ca67bfd13a0145aa1b5"}
,"/home/lr/GymOS/src/validations/auth.schemas.js": {"path":"/home/lr/GymOS/src/validations/auth.schemas.js","statementMap":{"0":{"start":{"line":1,"column":14},"end":{"line":1,"column":28}},"1":{"start":{"line":5,"column":23},"end":{"line":13,"column":2}},"2":{"start":{"line":15,"column":20},"end":{"line":20,"column":2}},"3":{"start":{"line":22,"column":0},"end":{"line":25,"column":2}}},"fnMap":{},"branchMap":{},"s":{"0":6,"1":6,"2":6,"3":6},"f":{},"b":{},"_coverageSchema":"1a1c01bbd47fc00a2c39e90264f33305004495a9","hash":"0bf5f4afb74f0353d6c8d660b702bfac7cc02adb"}
,"/home/lr/GymOS/src/validations/plan.schemas.js": {"path":"/home/lr/GymOS/src/validations/plan.schemas.js","statementMap":{"0":{"start":{"line":1,"column":14},"end":{"line":1,"column":28}},"1":{"start":{"line":2,"column":17},"end":{"line":2,"column":36}},"2":{"start":{"line":5,"column":23},"end":{"line":7,"column":2}},"3":{"start":{"line":5,"column":50},"end":{"line":5,"column":86}},"4":{"start":{"line":9,"column":25},"end":{"line":16,"column":2}},"5":{"start":{"line":18,"column":0},"end":{"line":20,"column":2}}},"fnMap":{"0":{"name":"(anonymous_0)","decl":{"start":{"line":5,"column":41},"end":{"line":5,"column":42}},"loc":{"start":{"line":5,"column":50},"end":{"line":5,"column":86}},"line":5}},"branchMap":{},"s":{"0":6,"1":6,"2":6,"3":0,"4":6,"5":6},"f":{"0":0},"b":{},"_coverageSchema":"1a1c01bbd47fc00a2c39e90264f33305004495a9","hash":"d7bb44dcdb14d52fdae76677c9c5759fcb63acb8"}
,"/home/lr/GymOS/src/validations/workout.schemas.js": {"path":"/home/lr/GymOS/src/validations/workout.schemas.js","statementMap":{"0":{"start":{"line":1,"column":14},"end":{"line":1,"column":28}},"1":{"start":{"line":2,"column":17},"end":{"line":2,"column":36}},"2":{"start":{"line":4,"column":23},"end":{"line":6,"column":2}},"3":{"start":{"line":4,"column":50},"end":{"line":4,"column":86}},"4":{"start":{"line":8,"column":28},"end":{"line":27,"column":2}},"5":{"start":{"line":29,"column":28},"end":{"line":34,"column":2}},"6":{"start":{"line":36,"column":37},"end":{"line":40,"column":2}},"7":{"start":{"line":42,"column":0},"end":{"line":46,"column":2}}},"fnMap":{"0":{"name":"(anonymous_0)","decl":{"start":{"line":4,"column":41},"end":{"line":4,"column":42}},"loc":{"start":{"line":4,"column":50},"end":{"line":4,"column":86}},"line":4}},"branchMap":{},"s":{"0":6,"1":6,"2":6,"3":0,"4":6,"5":6,"6":6,"7":6},"f":{"0":0},"b":{},"_coverageSchema":"1a1c01bbd47fc00a2c39e90264f33305004495a9","hash":"956376df15e16d9440acf472aa452e78bef554cf"}
}
