TN:
SF:src/controllers/analyticsController.js
FN:9,(anonymous_0)
FN:68,(anonymous_1)
FN:122,(anonymous_2)
FN:137,(anonymous_3)
FN:152,(anonymous_4)
FN:176,(anonymous_5)
FNF:6
FNH:5
FNDA:2,(anonymous_0)
FNDA:2,(anonymous_1)
FNDA:3,(anonymous_2)
FNDA:5,(anonymous_3)
FNDA:1,(anonymous_4)
FNDA:0,(anonymous_5)
DA:1,6
DA:2,6
DA:3,6
DA:4,6
DA:9,6
DA:10,2
DA:11,2
DA:13,2
DA:14,2
DA:16,2
DA:19,2
DA:20,2
DA:22,2
DA:52,2
DA:61,0
DA:68,6
DA:69,2
DA:70,2
DA:72,2
DA:73,2
DA:76,2
DA:77,2
DA:79,2
DA:108,2
DA:115,0
DA:122,6
DA:123,3
DA:124,3
DA:126,3
DA:137,3
DA:138,5
DA:139,5
DA:142,3
DA:145,0
DA:152,6
DA:153,1
DA:154,1
DA:156,1
DA:176,1
DA:177,0
DA:178,0
DA:181,1
DA:187,0
DA:191,6
LF:44
LH:38
BRDA:53,0,0,2
BRDA:53,0,1,1
BRDA:54,1,0,2
BRDA:54,1,1,1
BRDA:55,2,0,2
BRDA:55,2,1,1
BRDA:56,3,0,2
BRDA:56,3,1,1
BRDA:109,4,0,2
BRDA:109,4,1,1
BRDA:110,5,0,2
BRDA:110,5,1,1
BRF:12
BRH:12
end_of_record
TN:
SF:src/controllers/attendanceController.js
FN:8,(anonymous_0)
FN:50,(anonymous_1)
FN:70,(anonymous_2)
FN:101,(anonymous_3)
FNF:4
FNH:2
FNDA:5,(anonymous_0)
FNDA:2,(anonymous_1)
FNDA:0,(anonymous_2)
FNDA:0,(anonymous_3)
DA:1,6
DA:2,6
DA:3,6
DA:8,6
DA:9,5
DA:11,5
DA:16,5
DA:17,1
DA:18,1
DA:21,4
DA:22,0
DA:23,0
DA:26,4
DA:31,4
DA:32,1
DA:33,1
DA:36,3
DA:44,3
DA:50,6
DA:51,2
DA:56,2
DA:57,1
DA:58,1
DA:61,1
DA:62,1
DA:64,1
DA:70,6
DA:71,0
DA:73,0
DA:74,0
DA:75,0
DA:78,0
DA:79,0
DA:80,0
DA:82,0
DA:92,0
DA:101,6
DA:102,0
DA:103,0
DA:105,0
DA:106,0
DA:108,0
DA:119,0
DA:122,6
LF:44
LH:27
BRDA:16,0,0,1
BRDA:16,0,1,4
BRDA:21,1,0,0
BRDA:21,1,1,4
BRDA:31,2,0,1
BRDA:31,2,1,3
BRDA:41,3,0,3
BRDA:41,3,1,0
BRDA:56,4,0,1
BRDA:56,4,1,1
BRDA:73,5,0,0
BRDA:73,5,1,0
BRDA:73,6,0,0
BRDA:73,6,1,0
BRDA:78,7,0,0
BRDA:78,7,1,0
BRDA:79,8,0,0
BRDA:79,8,1,0
BRF:18
BRH:8
end_of_record
TN:
SF:src/controllers/authController.js
FN:9,(anonymous_0)
FN:49,(anonymous_1)
FN:92,(anonymous_2)
FN:115,(anonymous_3)
FN:135,(anonymous_4)
FNF:5
FNH:3
FNDA:2,(anonymous_0)
FNDA:0,(anonymous_1)
FNDA:3,(anonymous_2)
FNDA:1,(anonymous_3)
FNDA:0,(anonymous_4)
DA:1,6
DA:2,6
DA:3,6
DA:4,6
DA:9,6
DA:10,2
DA:12,2
DA:13,0
DA:14,0
DA:17,2
DA:18,2
DA:19,1
DA:20,1
DA:23,1
DA:31,1
DA:32,1
DA:41,0
DA:42,0
DA:49,6
DA:50,0
DA:52,0
DA:54,0
DA:55,0
DA:56,0
DA:57,0
DA:61,0
DA:69,0
DA:76,0
DA:77,0
DA:79,0
DA:92,6
DA:93,3
DA:95,3
DA:97,3
DA:98,1
DA:107,2
DA:108,2
DA:115,6
DA:116,1
DA:118,1
DA:119,1
DA:127,0
DA:128,0
DA:135,6
DA:137,0
DA:140,6
LF:46
LH:28
BRDA:12,0,0,0
BRDA:12,0,1,2
BRDA:18,1,0,1
BRDA:18,1,1,1
BRDA:31,2,0,1
BRDA:31,2,1,0
BRDA:55,3,0,0
BRDA:55,3,1,0
BRDA:97,4,0,1
BRDA:97,4,1,2
BRDA:97,5,0,3
BRDA:97,5,1,2
BRDA:118,6,0,1
BRDA:118,6,1,0
BRF:14
BRH:9
end_of_record
TN:
SF:src/controllers/biometricController.js
FN:8,(anonymous_0)
FN:56,(anonymous_1)
FNF:2
FNH:0
FNDA:0,(anonymous_0)
FNDA:0,(anonymous_1)
DA:1,6
DA:2,6
DA:3,6
DA:8,6
DA:9,0
DA:11,0
DA:12,0
DA:13,0
DA:16,0
DA:17,0
DA:27,0
DA:28,0
DA:38,0
DA:39,0
DA:42,0
DA:48,0
DA:49,0
DA:56,6
DA:57,0
DA:61,0
DA:65,0
DA:71,6
LF:22
LH:6
BRDA:16,0,0,0
BRDA:16,0,1,0
BRDA:16,1,0,0
BRDA:16,1,1,0
BRDA:16,1,2,0
BRDA:27,2,0,0
BRDA:27,2,1,0
BRDA:27,3,0,0
BRDA:27,3,1,0
BRDA:27,3,2,0
BRDA:27,3,3,0
BRDA:27,3,4,0
BRDA:38,4,0,0
BRDA:38,4,1,0
BRDA:38,5,0,0
BRDA:38,5,1,0
BRF:16
BRH:0
end_of_record
TN:
SF:src/controllers/membershipController.js
FN:10,(anonymous_0)
FN:20,(anonymous_1)
FN:31,(anonymous_2)
FN:42,(anonymous_3)
FN:57,(anonymous_4)
FN:92,(anonymous_5)
FN:105,(anonymous_6)
FN:127,(anonymous_7)
FNF:8
FNH:6
FNDA:1,(anonymous_0)
FNDA:2,(anonymous_1)
FNDA:0,(anonymous_2)
FNDA:0,(anonymous_3)
FNDA:2,(anonymous_4)
FNDA:3,(anonymous_5)
FNDA:1,(anonymous_6)
FNDA:3,(anonymous_7)
DA:1,6
DA:2,6
DA:3,6
DA:4,6
DA:5,6
DA:6,6
DA:10,6
DA:11,1
DA:12,1
DA:13,1
DA:14,1
DA:16,0
DA:20,6
DA:21,2
DA:22,2
DA:23,2
DA:24,2
DA:25,2
DA:27,0
DA:31,6
DA:32,0
DA:33,0
DA:34,0
DA:35,0
DA:36,0
DA:38,0
DA:42,6
DA:43,0
DA:44,0
DA:45,0
DA:46,0
DA:48,0
DA:57,6
DA:58,2
DA:59,2
DA:60,2
DA:61,2
DA:64,2
DA:69,2
DA:71,2
DA:80,2
DA:86,2
DA:88,0
DA:92,6
DA:93,3
DA:94,3
DA:95,3
DA:96,1
DA:98,2
DA:99,2
DA:101,0
DA:105,6
DA:106,1
DA:107,1
DA:108,1
DA:109,1
DA:111,1
DA:113,1
DA:118,1
DA:123,0
DA:127,6
DA:128,3
DA:129,3
DA:130,3
DA:131,2
DA:133,1
DA:134,1
DA:136,1
DA:138,1
DA:140,0
DA:144,6
LF:71
LH:54
BRDA:12,0,0,0
BRDA:12,0,1,1
BRDA:34,1,0,0
BRDA:34,1,1,0
BRDA:45,2,0,0
BRDA:45,2,1,0
BRDA:61,3,0,0
BRDA:61,3,1,2
BRDA:95,4,0,1
BRDA:95,4,1,2
BRDA:95,5,0,3
BRDA:95,5,1,2
BRDA:107,6,0,1
BRDA:107,6,1,0
BRDA:108,7,0,1
BRDA:108,7,1,0
BRDA:130,8,0,1
BRDA:130,8,1,2
BRDA:131,9,0,1
BRDA:131,9,1,1
BRF:20
BRH:12
end_of_record
TN:
SF:src/controllers/notificationController.js
FN:7,(anonymous_0)
FN:29,(anonymous_1)
FN:46,(anonymous_2)
FNF:3
FNH:3
FNDA:2,(anonymous_0)
FNDA:2,(anonymous_1)
FNDA:1,(anonymous_2)
DA:1,6
DA:2,6
DA:7,6
DA:8,2
DA:9,2
DA:10,2
DA:12,2
DA:13,2
DA:15,2
DA:20,2
DA:29,6
DA:30,2
DA:32,2
DA:33,1
DA:34,1
DA:37,1
DA:38,1
DA:40,1
DA:46,6
DA:47,1
DA:48,1
DA:51,6
LF:22
LH:22
BRDA:8,0,0,2
BRDA:8,0,1,1
BRDA:9,1,0,2
BRDA:9,1,1,1
BRDA:13,2,0,1
BRDA:13,2,1,1
BRDA:32,3,0,1
BRDA:32,3,1,1
BRF:8
BRH:8
end_of_record
TN:
SF:src/controllers/paymentController.js
FN:10,(anonymous_0)
FN:33,(anonymous_1)
FN:55,(anonymous_2)
FN:84,(anonymous_3)
FNF:4
FNH:3
FNDA:2,(anonymous_0)
FNDA:0,(anonymous_1)
FNDA:1,(anonymous_2)
FNDA:2,(anonymous_3)
DA:1,6
DA:2,6
DA:3,6
DA:4,6
DA:5,6
DA:10,6
DA:11,2
DA:13,2
DA:14,2
DA:24,2
DA:26,0
DA:33,6
DA:34,0
DA:36,0
DA:37,0
DA:38,0
DA:41,0
DA:46,0
DA:48,0
DA:55,6
DA:56,1
DA:57,1
DA:58,1
DA:59,1
DA:61,1
DA:72,1
DA:77,0
DA:84,6
DA:85,2
DA:86,2
DA:88,2
DA:89,0
DA:92,2
DA:93,1
DA:96,1
DA:97,1
DA:99,1
DA:108,1
DA:110,0
DA:114,6
LF:40
LH:29
BRDA:37,0,0,0
BRDA:37,0,1,0
BRDA:37,1,0,0
BRDA:37,1,1,0
BRDA:57,2,0,1
BRDA:57,2,1,0
BRDA:58,3,0,1
BRDA:58,3,1,0
BRDA:88,4,0,0
BRDA:88,4,1,2
BRDA:92,5,0,1
BRDA:92,5,1,1
BRF:12
BRH:5
end_of_record
TN:
SF:src/controllers/programController.js
FN:8,(anonymous_0)
FN:30,(anonymous_1)
FN:44,(anonymous_2)
FN:76,(anonymous_3)
FNF:4
FNH:0
FNDA:0,(anonymous_0)
FNDA:0,(anonymous_1)
FNDA:0,(anonymous_2)
FNDA:0,(anonymous_3)
DA:1,6
DA:2,6
DA:3,6
DA:8,6
DA:9,0
DA:10,0
DA:12,0
DA:21,0
DA:23,0
DA:30,6
DA:31,0
DA:32,0
DA:35,0
DA:37,0
DA:44,6
DA:45,0
DA:46,0
DA:48,0
DA:49,0
DA:51,0
DA:52,0
DA:55,0
DA:60,0
DA:67,0
DA:69,0
DA:76,6
DA:77,0
DA:78,0
DA:88,0
DA:90,0
DA:94,6
LF:31
LH:8
BRDA:49,0,0,0
BRDA:49,0,1,0
BRDA:52,1,0,0
BRDA:52,1,1,0
BRF:4
BRH:0
end_of_record
TN:
SF:src/controllers/workoutController.js
FN:11,(anonymous_0)
FN:52,(anonymous_1)
FN:85,(anonymous_2)
FN:121,(anonymous_3)
FNF:4
FNH:0
FNDA:0,(anonymous_0)
FNDA:0,(anonymous_1)
FNDA:0,(anonymous_2)
FNDA:0,(anonymous_3)
DA:1,6
DA:2,6
DA:3,6
DA:4,6
DA:6,6
DA:11,6
DA:12,0
DA:13,0
DA:16,0
DA:21,0
DA:22,0
DA:25,0
DA:27,0
DA:28,0
DA:29,0
DA:30,0
DA:32,0
DA:35,0
DA:43,0
DA:45,0
DA:52,6
DA:53,0
DA:55,0
DA:56,0
DA:62,0
DA:63,0
DA:66,0
DA:76,0
DA:78,0
DA:85,6
DA:86,0
DA:88,0
DA:89,0
DA:95,0
DA:96,0
DA:99,0
DA:100,0
DA:101,0
DA:103,0
DA:104,0
DA:106,0
DA:107,0
DA:110,0
DA:112,0
DA:114,0
DA:121,6
DA:122,0
DA:133,0
DA:136,6
LF:49
LH:10
BRDA:21,0,0,0
BRDA:21,0,1,0
BRDA:27,1,0,0
BRDA:27,1,1,0
BRDA:29,2,0,0
BRDA:29,2,1,0
BRDA:38,3,0,0
BRDA:38,3,1,0
BRDA:39,4,0,0
BRDA:39,4,1,0
BRDA:62,5,0,0
BRDA:62,5,1,0
BRDA:95,6,0,0
BRDA:95,6,1,0
BRDA:106,7,0,0
BRDA:106,7,1,0
BRF:16
BRH:0
end_of_record
TN:
SF:src/middleware/authMiddleware.js
FN:4,(anonymous_0)
FN:38,(anonymous_1)
FNF:2
FNH:2
FNDA:55,(anonymous_0)
FNDA:26,(anonymous_1)
DA:1,6
DA:2,6
DA:4,6
DA:7,55
DA:11,49
DA:13,49
DA:16,49
DA:22,48
DA:25,48
DA:27,1
DA:28,1
DA:32,55
DA:33,6
DA:38,6
DA:39,26
DA:40,19
DA:42,7
DA:46,6
LF:18
LH:18
BRDA:7,0,0,49
BRDA:7,0,1,6
BRDA:8,1,0,55
BRDA:8,1,1,49
BRDA:18,2,0,49
BRDA:18,2,1,49
BRDA:32,3,0,6
BRDA:32,3,1,49
BRDA:39,4,0,19
BRDA:39,4,1,7
BRDA:39,5,0,26
BRDA:39,5,1,26
BRF:12
BRH:12
end_of_record
TN:
SF:src/middleware/errorMiddleware.js
FN:1,(anonymous_0)
FNF:1
FNH:1
FNDA:7,(anonymous_0)
DA:1,6
DA:2,7
DA:4,7
DA:10,6
LF:4
LH:4
BRDA:2,0,0,7
BRDA:2,0,1,0
BRDA:6,1,0,0
BRDA:6,1,1,7
BRF:4
BRH:2
end_of_record
TN:
SF:src/middleware/permissionMiddleware.js
FN:37,(anonymous_0)
FN:37,(anonymous_1)
FNF:2
FNH:0
FNDA:0,(anonymous_0)
FNDA:0,(anonymous_1)
DA:6,0
DA:37,0
DA:38,0
DA:39,0
DA:41,0
DA:42,0
DA:45,0
DA:48,0
LF:8
LH:0
BRDA:39,0,0,0
BRDA:39,0,1,0
BRDA:41,1,0,0
BRDA:41,1,1,0
BRF:4
BRH:0
end_of_record
TN:
SF:src/middleware/roleMiddleware.js
FN:1,(anonymous_0)
FN:9,(anonymous_1)
FNF:2
FNH:1
FNDA:6,(anonymous_0)
FNDA:0,(anonymous_1)
DA:1,6
DA:2,6
DA:3,5
DA:5,1
DA:9,6
DA:10,0
DA:11,0
DA:13,0
DA:17,6
LF:9
LH:6
BRDA:2,0,0,5
BRDA:2,0,1,1
BRDA:2,1,0,6
BRDA:2,1,1,6
BRDA:10,2,0,0
BRDA:10,2,1,0
BRDA:10,3,0,0
BRDA:10,3,1,0
BRDA:10,3,2,0
BRF:9
BRH:4
end_of_record
TN:
SF:src/middleware/validateRequest.js
FN:1,(anonymous_0)
FN:1,(anonymous_1)
FN:12,(anonymous_2)
FNF:3
FNH:3
FNDA:30,(anonymous_0)
FNDA:11,(anonymous_1)
FNDA:5,(anonymous_2)
DA:1,30
DA:2,11
DA:3,11
DA:8,7
DA:10,4
DA:12,5
DA:20,6
LF:7
LH:7
BRDA:12,0,0,4
BRDA:12,0,1,0
BRDA:12,0,2,0
BRF:3
BRH:1
end_of_record
TN:
SF:src/models/Attendance.js
FNF:0
FNH:0
DA:1,6
DA:3,6
DA:39,6
DA:41,6
DA:43,6
LF:5
LH:5
BRDA:41,0,0,6
BRDA:41,0,1,6
BRF:2
BRH:2
end_of_record
TN:
SF:src/models/AuditLog.js
FNF:0
FNH:0
DA:1,6
DA:3,6
DA:38,6
DA:39,6
DA:40,6
DA:42,6
DA:44,6
LF:7
LH:7
BRDA:42,0,0,6
BRDA:42,0,1,6
BRF:2
BRH:2
end_of_record
TN:
SF:src/models/Biometric.js
FNF:0
FNH:0
DA:1,6
DA:3,6
DA:34,6
DA:36,6
LF:4
LH:4
BRF:0
BRH:0
end_of_record
TN:
SF:src/models/Exercise.js
FNF:0
FNH:0
DA:1,6
DA:3,6
DA:26,6
DA:28,6
LF:4
LH:4
BRF:0
BRH:0
end_of_record
TN:
SF:src/models/Gym.js
FNF:0
FNH:0
DA:1,6
DA:3,6
DA:22,6
DA:24,6
LF:4
LH:4
BRDA:22,0,0,6
BRDA:22,0,1,6
BRF:2
BRH:2
end_of_record
TN:
SF:src/models/Measurement.js
FNF:0
FNH:0
DA:1,6
DA:3,6
DA:44,6
DA:46,6
LF:4
LH:4
BRF:0
BRH:0
end_of_record
TN:
SF:src/models/Membership.js
FNF:0
FNH:0
DA:1,7
DA:3,7
DA:50,7
DA:51,7
DA:52,7
DA:55,7
DA:57,7
LF:7
LH:7
BRDA:55,0,0,7
BRDA:55,0,1,7
BRF:2
BRH:2
end_of_record
TN:
SF:src/models/MembershipPlan.js
FNF:0
FNH:0
DA:1,7
DA:3,7
DA:29,7
DA:30,7
LF:4
LH:4
BRDA:29,0,0,7
BRDA:29,0,1,7
BRF:2
BRH:2
end_of_record
TN:
SF:src/models/Notification.js
FNF:0
FNH:0
DA:1,6
DA:3,6
DA:28,6
DA:30,6
LF:4
LH:4
BRF:0
BRH:0
end_of_record
TN:
SF:src/models/Payment.js
FNF:0
FNH:0
DA:1,6
DA:3,6
DA:51,6
DA:52,6
DA:53,6
DA:55,6
DA:57,6
LF:7
LH:7
BRDA:55,0,0,6
BRDA:55,0,1,6
BRF:2
BRH:2
end_of_record
TN:
SF:src/models/TrainerAssignment.js
FNF:0
FNH:0
DA:1,6
DA:3,6
DA:40,6
DA:41,6
DA:43,6
DA:45,6
LF:6
LH:6
BRDA:43,0,0,6
BRDA:43,0,1,6
BRF:2
BRH:2
end_of_record
TN:
SF:src/models/User.js
FN:45,(anonymous_0)
FN:55,(anonymous_1)
FNF:2
FNH:2
FNDA:99,(anonymous_0)
FNDA:2,(anonymous_1)
DA:1,6
DA:2,6
DA:4,6
DA:45,6
DA:46,99
DA:47,0
DA:50,99
DA:51,99
DA:55,6
DA:56,2
DA:59,6
DA:61,6
LF:12
LH:11
BRDA:46,0,0,0
BRDA:46,0,1,99
BRF:2
BRH:1
end_of_record
TN:
SF:src/models/WorkoutProgram.js
FNF:0
FNH:0
DA:1,6
DA:3,6
DA:58,6
DA:60,6
DA:62,6
LF:5
LH:5
BRDA:60,0,0,6
BRDA:60,0,1,6
BRF:2
BRH:2
end_of_record
TN:
SF:src/models/WorkoutSession.js
FNF:0
FNH:0
DA:1,6
DA:3,6
DA:42,6
DA:44,6
LF:4
LH:4
BRF:0
BRH:0
end_of_record
TN:
SF:src/models/WorkoutSet.js
FNF:0
FNH:0
DA:1,6
DA:3,6
DA:41,6
DA:43,6
LF:4
LH:4
BRF:0
BRH:0
end_of_record
TN:
SF:src/routes/analyticsRoutes.js
FNF:0
FNH:0
DA:1,6
DA:2,6
DA:9,6
DA:11,6
DA:14,6
DA:16,6
DA:17,6
DA:18,6
DA:19,6
DA:21,6
LF:10
LH:10
BRF:0
BRH:0
end_of_record
TN:
SF:src/routes/attendanceRoutes.js
FN:15,(anonymous_0)
FN:31,(anonymous_1)
FNF:2
FNH:0
FNDA:0,(anonymous_0)
FNDA:0,(anonymous_1)
DA:1,6
DA:2,6
DA:8,6
DA:9,6
DA:10,6
DA:15,6
DA:16,0
DA:17,0
DA:19,0
DA:23,6
DA:26,6
DA:27,6
DA:28,6
DA:31,6
DA:32,0
DA:35,6
LF:16
LH:12
BRDA:16,0,0,0
BRDA:16,0,1,0
BRDA:16,1,0,0
BRDA:16,1,1,0
BRDA:16,1,2,0
BRF:5
BRH:0
end_of_record
TN:
SF:src/routes/auditLogRoutes.js
FN:12,(anonymous_0)
FNF:1
FNH:1
FNDA:2,(anonymous_0)
DA:1,6
DA:2,6
DA:3,6
DA:4,6
DA:5,6
DA:7,6
DA:12,6
DA:13,2
DA:14,2
DA:15,2
DA:17,2
DA:18,2
DA:19,2
DA:21,2
DA:31,2
DA:37,6
LF:16
LH:16
BRDA:13,0,0,2
BRDA:13,0,1,1
BRDA:14,1,0,2
BRDA:14,1,1,1
BRDA:18,2,0,1
BRDA:18,2,1,1
BRDA:19,3,0,0
BRDA:19,3,1,2
BRF:8
BRH:7
end_of_record
TN:
SF:src/routes/authRoutes.js
FNF:0
FNH:0
DA:1,6
DA:2,6
DA:3,6
DA:4,6
DA:12,6
DA:13,6
DA:15,6
DA:16,6
DA:17,6
DA:18,6
DA:19,6
DA:21,6
LF:12
LH:12
BRF:0
BRH:0
end_of_record
TN:
SF:src/routes/biometricRoutes.js
FNF:0
FNH:0
DA:1,6
DA:2,6
DA:3,6
DA:4,6
DA:6,6
DA:7,6
DA:9,6
LF:7
LH:7
BRF:0
BRH:0
end_of_record
TN:
SF:src/routes/membershipRoutes.js
FNF:0
FNH:0
DA:1,6
DA:2,6
DA:8,6
DA:9,6
DA:11,6
DA:12,6
DA:13,6
DA:14,6
DA:16,6
LF:9
LH:9
BRF:0
BRH:0
end_of_record
TN:
SF:src/routes/notificationRoutes.js
FNF:0
FNH:0
DA:1,6
DA:2,6
DA:3,6
DA:4,6
DA:6,6
DA:8,6
DA:9,6
DA:10,6
DA:12,6
LF:9
LH:9
BRF:0
BRH:0
end_of_record
TN:
SF:src/routes/paymentRoutes.js
FNF:0
FNH:0
DA:1,6
DA:2,6
DA:8,6
DA:9,6
DA:10,6
DA:13,6
DA:17,6
DA:20,6
DA:22,6
LF:9
LH:9
BRF:0
BRH:0
end_of_record
TN:
SF:src/routes/planRoutes.js
FNF:0
FNH:0
DA:1,6
DA:2,6
DA:6,6
DA:7,6
DA:8,6
DA:9,6
DA:12,6
DA:15,6
DA:17,6
LF:9
LH:9
BRF:0
BRH:0
end_of_record
TN:
SF:src/routes/programRoutes.js
FN:15,(anonymous_0)
FNF:1
FNH:0
FNDA:0,(anonymous_0)
DA:1,6
DA:2,6
DA:3,6
DA:4,6
DA:11,6
DA:12,6
DA:15,6
DA:16,0
DA:17,0
DA:19,0
DA:23,6
DA:27,6
DA:29,6
DA:31,6
LF:14
LH:11
BRDA:16,0,0,0
BRDA:16,0,1,0
BRDA:16,1,0,0
BRDA:16,1,1,0
BRDA:16,1,2,0
BRF:5
BRH:0
end_of_record
TN:
SF:src/routes/workoutRoutes.js
FNF:0
FNH:0
DA:1,6
DA:2,6
DA:8,6
DA:9,6
DA:11,6
DA:12,6
DA:13,6
DA:14,6
DA:16,6
LF:9
LH:9
BRF:0
BRH:0
end_of_record
TN:
SF:src/services/auditService.js
FN:15,(anonymous_0)
FNF:1
FNH:1
FNDA:9,(anonymous_0)
DA:1,6
DA:15,6
DA:16,9
DA:17,9
DA:20,0
DA:24,6
LF:6
LH:5
BRDA:15,0,0,1
BRF:1
BRH:1
end_of_record
TN:
SF:src/services/membershipService.js
FN:16,(anonymous_0)
FN:37,(anonymous_1)
FN:51,(anonymous_2)
FNF:3
FNH:3
FNDA:3,(anonymous_0)
FNDA:3,(anonymous_1)
FNDA:2,(anonymous_2)
DA:1,7
DA:2,7
DA:16,7
DA:17,3
DA:18,3
DA:20,3
DA:21,3
DA:22,3
DA:25,3
DA:29,3
DA:31,3
DA:37,7
DA:38,3
DA:39,3
DA:41,3
DA:45,3
DA:51,7
DA:52,2
DA:54,2
DA:58,2
DA:61,7
LF:21
LH:21
BRDA:16,0,0,2
BRDA:18,1,0,0
BRDA:18,1,1,3
BRDA:27,2,0,1
BRDA:27,2,1,2
BRF:5
BRH:4
end_of_record
TN:
SF:src/services/notificationService.js
FN:12,(anonymous_0)
FNF:1
FNH:1
FNDA:5,(anonymous_0)
DA:1,6
DA:12,6
DA:13,5
DA:14,5
DA:16,0
DA:20,6
LF:6
LH:5
BRF:0
BRH:0
end_of_record
TN:
SF:src/services/paymentService.js
FN:14,(anonymous_0)
FN:21,(anonymous_1)
FNF:2
FNH:2
FNDA:2,(anonymous_0)
FNDA:2,(anonymous_1)
DA:1,6
DA:2,6
DA:3,6
DA:4,6
DA:5,6
DA:14,6
DA:15,2
DA:20,2
DA:21,2
DA:23,2
DA:27,2
DA:30,2
DA:31,1
DA:32,1
DA:33,1
DA:34,1
DA:38,2
DA:45,2
DA:54,2
DA:60,2
DA:61,1
DA:63,1
DA:72,1
DA:79,2
DA:82,6
LF:25
LH:25
BRDA:24,0,0,2
BRDA:24,0,1,2
BRDA:30,1,0,1
BRDA:30,1,1,1
BRDA:51,2,0,2
BRDA:51,2,1,2
BRDA:57,3,0,2
BRDA:57,3,1,2
BRDA:60,4,0,1
BRDA:60,4,1,1
BRF:10
BRH:10
end_of_record
TN:
SF:src/utils/generateToken.js
FN:3,(anonymous_0)
FNF:1
FNH:1
FNDA:2,(anonymous_0)
DA:1,6
DA:3,6
DA:4,2
DA:9,6
LF:4
LH:4
BRDA:4,0,0,2
BRDA:4,0,1,2
BRF:2
BRH:2
end_of_record
TN:
SF:src/validations/auth.schemas.js
FNF:0
FNH:0
DA:1,6
DA:5,6
DA:15,6
DA:22,6
LF:4
LH:4
BRF:0
BRH:0
end_of_record
TN:
SF:src/validations/plan.schemas.js
FN:5,(anonymous_0)
FNF:1
FNH:0
FNDA:0,(anonymous_0)
DA:1,6
DA:2,6
DA:5,6
DA:9,6
DA:18,6
LF:5
LH:5
BRF:0
BRH:0
end_of_record
TN:
SF:src/validations/workout.schemas.js
FN:4,(anonymous_0)
FNF:1
FNH:0
FNDA:0,(anonymous_0)
DA:1,6
DA:2,6
DA:4,6
DA:8,6
DA:29,6
DA:36,6
DA:42,6
LF:7
LH:7
BRF:0
BRH:0
end_of_record
